{"/home/guptayash/Documents/MTH-IITK/CS253A/academics-management-software/server/index.js": {"path":"/home/guptayash/Documents/MTH-IITK/CS253A/academics-management-software/server/index.js","statementMap":{"0":{"start":{"line":1,"column":16},"end":{"line":1,"column":34}},"1":{"start":{"line":2,"column":19},"end":{"line":2,"column":41}},"2":{"start":{"line":3,"column":21},"end":{"line":3,"column":45}},"3":{"start":{"line":4,"column":0},"end":{"line":4,"column":27}},"4":{"start":{"line":6,"column":13},"end":{"line":6,"column":37}},"5":{"start":{"line":8,"column":21},"end":{"line":8,"column":46}},"6":{"start":{"line":10,"column":20},"end":{"line":10,"column":55}},"7":{"start":{"line":11,"column":19},"end":{"line":11,"column":53}},"8":{"start":{"line":12,"column":21},"end":{"line":12,"column":57}},"9":{"start":{"line":13,"column":28},"end":{"line":13,"column":71}},"10":{"start":{"line":14,"column":26},"end":{"line":14,"column":51}},"11":{"start":{"line":16,"column":12},"end":{"line":16,"column":21}},"12":{"start":{"line":19,"column":0},"end":{"line":19,"column":51}},"13":{"start":{"line":22,"column":0},"end":{"line":22,"column":26}},"14":{"start":{"line":23,"column":0},"end":{"line":23,"column":24}},"15":{"start":{"line":25,"column":0},"end":{"line":27,"column":3}},"16":{"start":{"line":26,"column":4},"end":{"line":26,"column":38}},"17":{"start":{"line":29,"column":0},"end":{"line":29,"column":31}},"18":{"start":{"line":30,"column":0},"end":{"line":30,"column":25}},"19":{"start":{"line":31,"column":0},"end":{"line":31,"column":33}},"20":{"start":{"line":32,"column":0},"end":{"line":32,"column":47}},"21":{"start":{"line":34,"column":0},"end":{"line":34,"column":59}},"22":{"start":{"line":34,"column":39},"end":{"line":34,"column":59}},"23":{"start":{"line":37,"column":23},"end":{"line":39,"column":2}},"24":{"start":{"line":38,"column":4},"end":{"line":38,"column":53}},"25":{"start":{"line":41,"column":0},"end":{"line":41,"column":41}}},"fnMap":{"0":{"name":"(anonymous_0)","decl":{"start":{"line":25,"column":33},"end":{"line":25,"column":34}},"loc":{"start":{"line":25,"column":47},"end":{"line":27,"column":1}},"line":25},"1":{"name":"(anonymous_1)","decl":{"start":{"line":37,"column":40},"end":{"line":37,"column":41}},"loc":{"start":{"line":37,"column":46},"end":{"line":39,"column":1}},"line":37}},"branchMap":{"0":{"loc":{"start":{"line":6,"column":13},"end":{"line":6,"column":37}},"type":"binary-expr","locations":[{"start":{"line":6,"column":13},"end":{"line":6,"column":29}},{"start":{"line":6,"column":33},"end":{"line":6,"column":37}}],"line":6},"1":{"loc":{"start":{"line":34,"column":0},"end":{"line":34,"column":59}},"type":"if","locations":[{"start":{"line":34,"column":0},"end":{"line":34,"column":59}},{"start":{},"end":{}}],"line":34}},"s":{"0":1,"1":1,"2":1,"3":1,"4":1,"5":1,"6":1,"7":1,"8":1,"9":1,"10":1,"11":1,"12":1,"13":1,"14":1,"15":1,"16":0,"17":1,"18":1,"19":1,"20":1,"21":1,"22":1,"23":1,"24":1,"25":1},"f":{"0":0,"1":1},"b":{"0":[1,0],"1":[1,0]},"_coverageSchema":"1a1c01bbd47fc00a2c39e90264f33305004495a9","hash":"906ffb051f59a477cb2e29b95ffe885ab7abf0fe"}
,"/home/guptayash/Documents/MTH-IITK/CS253A/academics-management-software/server/api/courseController.js": {"path":"/home/guptayash/Documents/MTH-IITK/CS253A/academics-management-software/server/api/courseController.js","statementMap":{"0":{"start":{"line":1,"column":150},"end":{"line":1,"column":180}},"1":{"start":{"line":4,"column":21},"end":{"line":4,"column":43}},"2":{"start":{"line":5,"column":17},"end":{"line":5,"column":32}},"3":{"start":{"line":6,"column":17},"end":{"line":6,"column":37}},"4":{"start":{"line":7,"column":19},"end":{"line":7,"column":31}},"5":{"start":{"line":9,"column":4},"end":{"line":15,"column":11}},"6":{"start":{"line":11,"column":12},"end":{"line":11,"column":79}},"7":{"start":{"line":14,"column":12},"end":{"line":14,"column":77}},"8":{"start":{"line":19,"column":21},"end":{"line":19,"column":43}},"9":{"start":{"line":21,"column":4},"end":{"line":27,"column":7}},"10":{"start":{"line":23,"column":8},"end":{"line":23,"column":98}},"11":{"start":{"line":26,"column":8},"end":{"line":26,"column":71}},"12":{"start":{"line":31,"column":21},"end":{"line":31,"column":43}},"13":{"start":{"line":33,"column":4},"end":{"line":39,"column":6}},"14":{"start":{"line":35,"column":8},"end":{"line":35,"column":90}},"15":{"start":{"line":38,"column":8},"end":{"line":38,"column":64}},"16":{"start":{"line":43,"column":21},"end":{"line":43,"column":43}},"17":{"start":{"line":45,"column":4},"end":{"line":51,"column":11}},"18":{"start":{"line":47,"column":12},"end":{"line":47,"column":101}},"19":{"start":{"line":50,"column":12},"end":{"line":50,"column":70}},"20":{"start":{"line":55,"column":21},"end":{"line":55,"column":43}},"21":{"start":{"line":56,"column":19},"end":{"line":56,"column":31}},"22":{"start":{"line":58,"column":4},"end":{"line":64,"column":11}},"23":{"start":{"line":60,"column":12},"end":{"line":60,"column":79}},"24":{"start":{"line":63,"column":12},"end":{"line":63,"column":77}},"25":{"start":{"line":68,"column":21},"end":{"line":68,"column":33}},"26":{"start":{"line":70,"column":4},"end":{"line":70,"column":26}},"27":{"start":{"line":72,"column":4},"end":{"line":78,"column":7}},"28":{"start":{"line":74,"column":8},"end":{"line":74,"column":107}},"29":{"start":{"line":77,"column":8},"end":{"line":77,"column":64}},"30":{"start":{"line":82,"column":21},"end":{"line":82,"column":43}},"31":{"start":{"line":83,"column":19},"end":{"line":83,"column":31}},"32":{"start":{"line":84,"column":18},"end":{"line":84,"column":34}},"33":{"start":{"line":86,"column":4},"end":{"line":92,"column":7}},"34":{"start":{"line":88,"column":8},"end":{"line":88,"column":73}},"35":{"start":{"line":91,"column":8},"end":{"line":91,"column":71}},"36":{"start":{"line":96,"column":21},"end":{"line":96,"column":43}},"37":{"start":{"line":98,"column":4},"end":{"line":104,"column":6}},"38":{"start":{"line":100,"column":8},"end":{"line":100,"column":73}},"39":{"start":{"line":103,"column":8},"end":{"line":103,"column":71}},"40":{"start":{"line":108,"column":22},"end":{"line":108,"column":45}},"41":{"start":{"line":110,"column":4},"end":{"line":116,"column":6}},"42":{"start":{"line":112,"column":8},"end":{"line":112,"column":73}},"43":{"start":{"line":115,"column":8},"end":{"line":115,"column":71}},"44":{"start":{"line":119,"column":0},"end":{"line":119,"column":186}}},"fnMap":{"0":{"name":"apiAddReview","decl":{"start":{"line":3,"column":15},"end":{"line":3,"column":27}},"loc":{"start":{"line":3,"column":38},"end":{"line":16,"column":1}},"line":3},"1":{"name":"(anonymous_1)","decl":{"start":{"line":10,"column":14},"end":{"line":10,"column":15}},"loc":{"start":{"line":10,"column":24},"end":{"line":12,"column":9}},"line":10},"2":{"name":"(anonymous_2)","decl":{"start":{"line":13,"column":15},"end":{"line":13,"column":16}},"loc":{"start":{"line":13,"column":24},"end":{"line":15,"column":9}},"line":13},"3":{"name":"apiGetCourseDetails","decl":{"start":{"line":18,"column":15},"end":{"line":18,"column":34}},"loc":{"start":{"line":18,"column":46},"end":{"line":28,"column":1}},"line":18},"4":{"name":"(anonymous_4)","decl":{"start":{"line":22,"column":11},"end":{"line":22,"column":12}},"loc":{"start":{"line":22,"column":23},"end":{"line":24,"column":5}},"line":22},"5":{"name":"(anonymous_5)","decl":{"start":{"line":25,"column":12},"end":{"line":25,"column":13}},"loc":{"start":{"line":25,"column":23},"end":{"line":27,"column":5}},"line":25},"6":{"name":"apiGetReviewDetails","decl":{"start":{"line":30,"column":15},"end":{"line":30,"column":34}},"loc":{"start":{"line":30,"column":46},"end":{"line":40,"column":1}},"line":30},"7":{"name":"(anonymous_7)","decl":{"start":{"line":34,"column":11},"end":{"line":34,"column":12}},"loc":{"start":{"line":34,"column":21},"end":{"line":36,"column":5}},"line":34},"8":{"name":"(anonymous_8)","decl":{"start":{"line":37,"column":12},"end":{"line":37,"column":13}},"loc":{"start":{"line":37,"column":21},"end":{"line":39,"column":5}},"line":37},"9":{"name":"apiGetReviews","decl":{"start":{"line":42,"column":15},"end":{"line":42,"column":28}},"loc":{"start":{"line":42,"column":39},"end":{"line":52,"column":1}},"line":42},"10":{"name":"(anonymous_10)","decl":{"start":{"line":46,"column":14},"end":{"line":46,"column":15}},"loc":{"start":{"line":46,"column":24},"end":{"line":48,"column":9}},"line":46},"11":{"name":"(anonymous_11)","decl":{"start":{"line":49,"column":15},"end":{"line":49,"column":16}},"loc":{"start":{"line":49,"column":24},"end":{"line":51,"column":9}},"line":49},"12":{"name":"apiAddToFavourites","decl":{"start":{"line":54,"column":15},"end":{"line":54,"column":33}},"loc":{"start":{"line":54,"column":44},"end":{"line":65,"column":1}},"line":54},"13":{"name":"(anonymous_13)","decl":{"start":{"line":59,"column":14},"end":{"line":59,"column":15}},"loc":{"start":{"line":59,"column":24},"end":{"line":61,"column":9}},"line":59},"14":{"name":"(anonymous_14)","decl":{"start":{"line":62,"column":15},"end":{"line":62,"column":16}},"loc":{"start":{"line":62,"column":24},"end":{"line":64,"column":9}},"line":62},"15":{"name":"apiGetFavoriteCourses","decl":{"start":{"line":67,"column":15},"end":{"line":67,"column":36}},"loc":{"start":{"line":67,"column":47},"end":{"line":79,"column":1}},"line":67},"16":{"name":"(anonymous_16)","decl":{"start":{"line":73,"column":11},"end":{"line":73,"column":12}},"loc":{"start":{"line":73,"column":21},"end":{"line":75,"column":5}},"line":73},"17":{"name":"(anonymous_17)","decl":{"start":{"line":76,"column":12},"end":{"line":76,"column":13}},"loc":{"start":{"line":76,"column":21},"end":{"line":78,"column":5}},"line":76},"18":{"name":"apiAddCommentToReview","decl":{"start":{"line":81,"column":15},"end":{"line":81,"column":36}},"loc":{"start":{"line":81,"column":48},"end":{"line":93,"column":1}},"line":81},"19":{"name":"(anonymous_19)","decl":{"start":{"line":87,"column":11},"end":{"line":87,"column":12}},"loc":{"start":{"line":87,"column":21},"end":{"line":89,"column":5}},"line":87},"20":{"name":"(anonymous_20)","decl":{"start":{"line":90,"column":12},"end":{"line":90,"column":13}},"loc":{"start":{"line":90,"column":21},"end":{"line":92,"column":5}},"line":90},"21":{"name":"apiLikeReview","decl":{"start":{"line":95,"column":15},"end":{"line":95,"column":28}},"loc":{"start":{"line":95,"column":40},"end":{"line":105,"column":1}},"line":95},"22":{"name":"(anonymous_22)","decl":{"start":{"line":99,"column":11},"end":{"line":99,"column":12}},"loc":{"start":{"line":99,"column":21},"end":{"line":101,"column":5}},"line":99},"23":{"name":"(anonymous_23)","decl":{"start":{"line":102,"column":12},"end":{"line":102,"column":13}},"loc":{"start":{"line":102,"column":21},"end":{"line":104,"column":5}},"line":102},"24":{"name":"apiLikeComment","decl":{"start":{"line":107,"column":15},"end":{"line":107,"column":29}},"loc":{"start":{"line":107,"column":41},"end":{"line":117,"column":1}},"line":107},"25":{"name":"(anonymous_25)","decl":{"start":{"line":111,"column":11},"end":{"line":111,"column":12}},"loc":{"start":{"line":111,"column":21},"end":{"line":113,"column":5}},"line":111},"26":{"name":"(anonymous_26)","decl":{"start":{"line":114,"column":12},"end":{"line":114,"column":13}},"loc":{"start":{"line":114,"column":21},"end":{"line":116,"column":5}},"line":114}},"branchMap":{"0":{"loc":{"start":{"line":6,"column":17},"end":{"line":6,"column":37}},"type":"binary-expr","locations":[{"start":{"line":6,"column":17},"end":{"line":6,"column":32}},{"start":{"line":6,"column":36},"end":{"line":6,"column":37}}],"line":6}},"s":{"0":1,"1":0,"2":0,"3":0,"4":0,"5":0,"6":0,"7":0,"8":0,"9":0,"10":0,"11":0,"12":0,"13":0,"14":0,"15":0,"16":0,"17":0,"18":0,"19":0,"20":0,"21":0,"22":0,"23":0,"24":0,"25":0,"26":0,"27":0,"28":0,"29":0,"30":0,"31":0,"32":0,"33":0,"34":0,"35":0,"36":0,"37":0,"38":0,"39":0,"40":0,"41":0,"42":0,"43":0,"44":1},"f":{"0":0,"1":0,"2":0,"3":0,"4":0,"5":0,"6":0,"7":0,"8":0,"9":0,"10":0,"11":0,"12":0,"13":0,"14":0,"15":0,"16":0,"17":0,"18":0,"19":0,"20":0,"21":0,"22":0,"23":0,"24":0,"25":0,"26":0},"b":{"0":[0,0]},"_coverageSchema":"1a1c01bbd47fc00a2c39e90264f33305004495a9","hash":"9df2b3cde49c209e295053835dee890d0b3290b6"}
,"/home/guptayash/Documents/MTH-IITK/CS253A/academics-management-software/server/api/coursePlannerController.js": {"path":"/home/guptayash/Documents/MTH-IITK/CS253A/academics-management-software/server/api/coursePlannerController.js","statementMap":{"0":{"start":{"line":10,"column":4},"end":{"line":10,"column":38}},"1":{"start":{"line":13,"column":33},"end":{"line":13,"column":43}},"2":{"start":{"line":14,"column":25},"end":{"line":14,"column":28}},"3":{"start":{"line":16,"column":4},"end":{"line":22,"column":11}},"4":{"start":{"line":18,"column":12},"end":{"line":18,"column":79}},"5":{"start":{"line":21,"column":12},"end":{"line":21,"column":77}},"6":{"start":{"line":26,"column":36},"end":{"line":26,"column":46}},"7":{"start":{"line":27,"column":25},"end":{"line":27,"column":28}},"8":{"start":{"line":29,"column":4},"end":{"line":35,"column":11}},"9":{"start":{"line":31,"column":12},"end":{"line":31,"column":79}},"10":{"start":{"line":34,"column":12},"end":{"line":34,"column":77}},"11":{"start":{"line":39,"column":23},"end":{"line":39,"column":33}},"12":{"start":{"line":40,"column":22},"end":{"line":40,"column":25}},"13":{"start":{"line":42,"column":1},"end":{"line":48,"column":5}},"14":{"start":{"line":44,"column":3},"end":{"line":44,"column":70}},"15":{"start":{"line":47,"column":3},"end":{"line":47,"column":68}},"16":{"start":{"line":52,"column":22},"end":{"line":52,"column":25}},"17":{"start":{"line":54,"column":1},"end":{"line":60,"column":5}},"18":{"start":{"line":56,"column":3},"end":{"line":56,"column":70}},"19":{"start":{"line":59,"column":3},"end":{"line":59,"column":68}},"20":{"start":{"line":64,"column":23},"end":{"line":64,"column":33}},"21":{"start":{"line":65,"column":22},"end":{"line":65,"column":25}},"22":{"start":{"line":67,"column":1},"end":{"line":73,"column":5}},"23":{"start":{"line":69,"column":3},"end":{"line":69,"column":70}},"24":{"start":{"line":72,"column":3},"end":{"line":72,"column":68}},"25":{"start":{"line":77,"column":22},"end":{"line":77,"column":25}},"26":{"start":{"line":79,"column":1},"end":{"line":88,"column":5}},"27":{"start":{"line":81,"column":3},"end":{"line":84,"column":6}},"28":{"start":{"line":87,"column":3},"end":{"line":87,"column":68}},"29":{"start":{"line":92,"column":22},"end":{"line":92,"column":25}},"30":{"start":{"line":93,"column":23},"end":{"line":93,"column":33}},"31":{"start":{"line":95,"column":1},"end":{"line":104,"column":5}},"32":{"start":{"line":97,"column":3},"end":{"line":100,"column":6}},"33":{"start":{"line":103,"column":3},"end":{"line":103,"column":68}},"34":{"start":{"line":108,"column":22},"end":{"line":108,"column":25}},"35":{"start":{"line":109,"column":33},"end":{"line":109,"column":43}},"36":{"start":{"line":111,"column":1},"end":{"line":120,"column":5}},"37":{"start":{"line":113,"column":3},"end":{"line":116,"column":6}},"38":{"start":{"line":119,"column":3},"end":{"line":119,"column":68}},"39":{"start":{"line":123,"column":0},"end":{"line":132,"column":2}}},"fnMap":{"0":{"name":"apiAddCourse","decl":{"start":{"line":12,"column":15},"end":{"line":12,"column":27}},"loc":{"start":{"line":12,"column":38},"end":{"line":23,"column":1}},"line":12},"1":{"name":"(anonymous_1)","decl":{"start":{"line":17,"column":14},"end":{"line":17,"column":15}},"loc":{"start":{"line":17,"column":24},"end":{"line":19,"column":9}},"line":17},"2":{"name":"(anonymous_2)","decl":{"start":{"line":20,"column":15},"end":{"line":20,"column":16}},"loc":{"start":{"line":20,"column":24},"end":{"line":22,"column":9}},"line":20},"3":{"name":"apiDeleteCourse","decl":{"start":{"line":25,"column":15},"end":{"line":25,"column":30}},"loc":{"start":{"line":25,"column":41},"end":{"line":36,"column":1}},"line":25},"4":{"name":"(anonymous_4)","decl":{"start":{"line":30,"column":14},"end":{"line":30,"column":15}},"loc":{"start":{"line":30,"column":24},"end":{"line":32,"column":9}},"line":30},"5":{"name":"(anonymous_5)","decl":{"start":{"line":33,"column":15},"end":{"line":33,"column":16}},"loc":{"start":{"line":33,"column":24},"end":{"line":35,"column":9}},"line":33},"6":{"name":"apiAddSemester","decl":{"start":{"line":38,"column":15},"end":{"line":38,"column":29}},"loc":{"start":{"line":38,"column":40},"end":{"line":49,"column":1}},"line":38},"7":{"name":"(anonymous_7)","decl":{"start":{"line":43,"column":8},"end":{"line":43,"column":9}},"loc":{"start":{"line":43,"column":18},"end":{"line":45,"column":3}},"line":43},"8":{"name":"(anonymous_8)","decl":{"start":{"line":46,"column":9},"end":{"line":46,"column":10}},"loc":{"start":{"line":46,"column":18},"end":{"line":48,"column":3}},"line":46},"9":{"name":"apiAddSemesterAtEnd","decl":{"start":{"line":51,"column":15},"end":{"line":51,"column":34}},"loc":{"start":{"line":51,"column":45},"end":{"line":61,"column":1}},"line":51},"10":{"name":"(anonymous_10)","decl":{"start":{"line":55,"column":8},"end":{"line":55,"column":9}},"loc":{"start":{"line":55,"column":18},"end":{"line":57,"column":3}},"line":55},"11":{"name":"(anonymous_11)","decl":{"start":{"line":58,"column":9},"end":{"line":58,"column":10}},"loc":{"start":{"line":58,"column":18},"end":{"line":60,"column":3}},"line":58},"12":{"name":"apiDeleteSemester","decl":{"start":{"line":63,"column":15},"end":{"line":63,"column":32}},"loc":{"start":{"line":63,"column":43},"end":{"line":74,"column":1}},"line":63},"13":{"name":"(anonymous_13)","decl":{"start":{"line":68,"column":8},"end":{"line":68,"column":9}},"loc":{"start":{"line":68,"column":18},"end":{"line":70,"column":3}},"line":68},"14":{"name":"(anonymous_14)","decl":{"start":{"line":71,"column":9},"end":{"line":71,"column":10}},"loc":{"start":{"line":71,"column":18},"end":{"line":73,"column":3}},"line":71},"15":{"name":"apiGetNumberOfSemesters","decl":{"start":{"line":76,"column":15},"end":{"line":76,"column":38}},"loc":{"start":{"line":76,"column":49},"end":{"line":89,"column":1}},"line":76},"16":{"name":"(anonymous_16)","decl":{"start":{"line":80,"column":8},"end":{"line":80,"column":9}},"loc":{"start":{"line":80,"column":18},"end":{"line":85,"column":3}},"line":80},"17":{"name":"(anonymous_17)","decl":{"start":{"line":86,"column":9},"end":{"line":86,"column":10}},"loc":{"start":{"line":86,"column":18},"end":{"line":88,"column":3}},"line":86},"18":{"name":"apiGetSemester","decl":{"start":{"line":91,"column":15},"end":{"line":91,"column":29}},"loc":{"start":{"line":91,"column":40},"end":{"line":105,"column":1}},"line":91},"19":{"name":"(anonymous_19)","decl":{"start":{"line":96,"column":8},"end":{"line":96,"column":9}},"loc":{"start":{"line":96,"column":18},"end":{"line":101,"column":3}},"line":96},"20":{"name":"(anonymous_20)","decl":{"start":{"line":102,"column":9},"end":{"line":102,"column":10}},"loc":{"start":{"line":102,"column":18},"end":{"line":104,"column":3}},"line":102},"21":{"name":"apiGetCourse","decl":{"start":{"line":107,"column":15},"end":{"line":107,"column":27}},"loc":{"start":{"line":107,"column":38},"end":{"line":121,"column":1}},"line":107},"22":{"name":"(anonymous_22)","decl":{"start":{"line":112,"column":8},"end":{"line":112,"column":9}},"loc":{"start":{"line":112,"column":18},"end":{"line":117,"column":3}},"line":112},"23":{"name":"(anonymous_23)","decl":{"start":{"line":118,"column":9},"end":{"line":118,"column":10}},"loc":{"start":{"line":118,"column":18},"end":{"line":120,"column":3}},"line":118}},"branchMap":{},"s":{"0":1,"1":0,"2":0,"3":0,"4":0,"5":0,"6":0,"7":0,"8":0,"9":0,"10":0,"11":0,"12":0,"13":0,"14":0,"15":0,"16":0,"17":0,"18":0,"19":0,"20":0,"21":0,"22":0,"23":0,"24":0,"25":0,"26":0,"27":0,"28":0,"29":0,"30":0,"31":0,"32":0,"33":0,"34":0,"35":0,"36":0,"37":0,"38":0,"39":1},"f":{"0":0,"1":0,"2":0,"3":0,"4":0,"5":0,"6":0,"7":0,"8":0,"9":0,"10":0,"11":0,"12":0,"13":0,"14":0,"15":0,"16":0,"17":0,"18":0,"19":0,"20":0,"21":0,"22":0,"23":0},"b":{},"_coverageSchema":"1a1c01bbd47fc00a2c39e90264f33305004495a9","hash":"3c5a580a4e1c315442b9daa16ad5c751e9a250b0"}
,"/home/guptayash/Documents/MTH-IITK/CS253A/academics-management-software/server/api/login.js": {"path":"/home/guptayash/Documents/MTH-IITK/CS253A/academics-management-software/server/api/login.js","statementMap":{"0":{"start":{"line":1,"column":15},"end":{"line":1,"column":34}},"1":{"start":{"line":2,"column":12},"end":{"line":2,"column":35}},"2":{"start":{"line":3,"column":21},"end":{"line":3,"column":49}},"3":{"start":{"line":6,"column":21},"end":{"line":6,"column":38}},"4":{"start":{"line":7,"column":19},"end":{"line":7,"column":36}},"5":{"start":{"line":9,"column":4},"end":{"line":50,"column":11}},"6":{"start":{"line":11,"column":25},"end":{"line":11,"column":36}},"7":{"start":{"line":25,"column":26},"end":{"line":25,"column":69}},"8":{"start":{"line":27,"column":12},"end":{"line":27,"column":89}},"9":{"start":{"line":27,"column":26},"end":{"line":27,"column":89}},"10":{"start":{"line":29,"column":26},"end":{"line":29,"column":130}},"11":{"start":{"line":31,"column":12},"end":{"line":36,"column":75}},"12":{"start":{"line":41,"column":12},"end":{"line":49,"column":13}},"13":{"start":{"line":42,"column":16},"end":{"line":42,"column":43}},"14":{"start":{"line":43,"column":16},"end":{"line":43,"column":80}},"15":{"start":{"line":47,"column":16},"end":{"line":47,"column":43}},"16":{"start":{"line":48,"column":16},"end":{"line":48,"column":82}},"17":{"start":{"line":53,"column":22},"end":{"line":67,"column":1}},"18":{"start":{"line":54,"column":18},"end":{"line":54,"column":35}},"19":{"start":{"line":56,"column":4},"end":{"line":56,"column":112}},"20":{"start":{"line":56,"column":16},"end":{"line":56,"column":112}},"21":{"start":{"line":58,"column":4},"end":{"line":66,"column":5}},"22":{"start":{"line":59,"column":21},"end":{"line":59,"column":72}},"23":{"start":{"line":60,"column":8},"end":{"line":60,"column":37}},"24":{"start":{"line":61,"column":8},"end":{"line":61,"column":33}},"25":{"start":{"line":62,"column":8},"end":{"line":62,"column":22}},"26":{"start":{"line":65,"column":8},"end":{"line":65,"column":68}},"27":{"start":{"line":69,"column":0},"end":{"line":69,"column":46}}},"fnMap":{"0":{"name":"loginUser","decl":{"start":{"line":5,"column":15},"end":{"line":5,"column":24}},"loc":{"start":{"line":5,"column":35},"end":{"line":51,"column":1}},"line":5},"1":{"name":"(anonymous_1)","decl":{"start":{"line":10,"column":14},"end":{"line":10,"column":15}},"loc":{"start":{"line":10,"column":24},"end":{"line":38,"column":9}},"line":10},"2":{"name":"(anonymous_2)","decl":{"start":{"line":39,"column":15},"end":{"line":39,"column":16}},"loc":{"start":{"line":39,"column":24},"end":{"line":50,"column":9}},"line":39},"3":{"name":"(anonymous_3)","decl":{"start":{"line":53,"column":22},"end":{"line":53,"column":23}},"loc":{"start":{"line":53,"column":48},"end":{"line":67,"column":1}},"line":53}},"branchMap":{"0":{"loc":{"start":{"line":27,"column":12},"end":{"line":27,"column":89}},"type":"if","locations":[{"start":{"line":27,"column":12},"end":{"line":27,"column":89}},{"start":{},"end":{}}],"line":27},"1":{"loc":{"start":{"line":41,"column":12},"end":{"line":49,"column":13}},"type":"if","locations":[{"start":{"line":41,"column":12},"end":{"line":49,"column":13}},{"start":{"line":46,"column":17},"end":{"line":49,"column":13}}],"line":41},"2":{"loc":{"start":{"line":56,"column":4},"end":{"line":56,"column":112}},"type":"if","locations":[{"start":{"line":56,"column":4},"end":{"line":56,"column":112}},{"start":{},"end":{}}],"line":56}},"s":{"0":1,"1":1,"2":1,"3":1,"4":1,"5":1,"6":1,"7":1,"8":1,"9":0,"10":1,"11":1,"12":0,"13":0,"14":0,"15":0,"16":0,"17":1,"18":0,"19":0,"20":0,"21":0,"22":0,"23":0,"24":0,"25":0,"26":0,"27":1},"f":{"0":1,"1":1,"2":0,"3":0},"b":{"0":[0,1],"1":[0,0],"2":[0,0]},"_coverageSchema":"1a1c01bbd47fc00a2c39e90264f33305004495a9","hash":"6d91c0bf4d6e69504ef066d8db163de225545c41"}
,"/home/guptayash/Documents/MTH-IITK/CS253A/academics-management-software/server/api/noteController.js": {"path":"/home/guptayash/Documents/MTH-IITK/CS253A/academics-management-software/server/api/noteController.js","statementMap":{"0":{"start":{"line":1,"column":67},"end":{"line":1,"column":96}},"1":{"start":{"line":5,"column":21},"end":{"line":5,"column":33}},"2":{"start":{"line":6,"column":18},"end":{"line":6,"column":34}},"3":{"start":{"line":7,"column":19},"end":{"line":7,"column":41}},"4":{"start":{"line":8,"column":16},"end":{"line":8,"column":30}},"5":{"start":{"line":9,"column":15},"end":{"line":9,"column":28}},"6":{"start":{"line":11,"column":4},"end":{"line":21,"column":5}},"7":{"start":{"line":12,"column":8},"end":{"line":12,"column":58}},"8":{"start":{"line":14,"column":8},"end":{"line":20,"column":11}},"9":{"start":{"line":16,"column":12},"end":{"line":16,"column":60}},"10":{"start":{"line":19,"column":12},"end":{"line":19,"column":58}},"11":{"start":{"line":25,"column":4},"end":{"line":31,"column":7}},"12":{"start":{"line":27,"column":8},"end":{"line":27,"column":56}},"13":{"start":{"line":30,"column":8},"end":{"line":30,"column":54}},"14":{"start":{"line":36,"column":21},"end":{"line":36,"column":33}},"15":{"start":{"line":37,"column":17},"end":{"line":37,"column":34}},"16":{"start":{"line":38,"column":18},"end":{"line":38,"column":34}},"17":{"start":{"line":39,"column":16},"end":{"line":39,"column":30}},"18":{"start":{"line":40,"column":15},"end":{"line":40,"column":28}},"19":{"start":{"line":42,"column":4},"end":{"line":52,"column":5}},"20":{"start":{"line":43,"column":8},"end":{"line":43,"column":58}},"21":{"start":{"line":45,"column":8},"end":{"line":51,"column":11}},"22":{"start":{"line":47,"column":12},"end":{"line":47,"column":60}},"23":{"start":{"line":50,"column":12},"end":{"line":50,"column":58}},"24":{"start":{"line":56,"column":19},"end":{"line":56,"column":38}},"25":{"start":{"line":57,"column":17},"end":{"line":57,"column":32}},"26":{"start":{"line":59,"column":4},"end":{"line":73,"column":5}},"27":{"start":{"line":60,"column":8},"end":{"line":60,"column":58}},"28":{"start":{"line":63,"column":8},"end":{"line":72,"column":11}},"29":{"start":{"line":66,"column":12},"end":{"line":66,"column":60}},"30":{"start":{"line":69,"column":12},"end":{"line":69,"column":38}},"31":{"start":{"line":70,"column":12},"end":{"line":70,"column":40}},"32":{"start":{"line":71,"column":12},"end":{"line":71,"column":58}},"33":{"start":{"line":76,"column":0},"end":{"line":76,"column":78}}},"fnMap":{"0":{"name":"apiCreateNote","decl":{"start":{"line":3,"column":9},"end":{"line":3,"column":22}},"loc":{"start":{"line":3,"column":33},"end":{"line":22,"column":1}},"line":3},"1":{"name":"(anonymous_1)","decl":{"start":{"line":15,"column":14},"end":{"line":15,"column":15}},"loc":{"start":{"line":15,"column":24},"end":{"line":17,"column":9}},"line":15},"2":{"name":"(anonymous_2)","decl":{"start":{"line":18,"column":15},"end":{"line":18,"column":16}},"loc":{"start":{"line":18,"column":24},"end":{"line":20,"column":9}},"line":18},"3":{"name":"apiDeleteNote","decl":{"start":{"line":24,"column":9},"end":{"line":24,"column":22}},"loc":{"start":{"line":24,"column":33},"end":{"line":32,"column":1}},"line":24},"4":{"name":"(anonymous_4)","decl":{"start":{"line":26,"column":10},"end":{"line":26,"column":11}},"loc":{"start":{"line":26,"column":20},"end":{"line":28,"column":5}},"line":26},"5":{"name":"(anonymous_5)","decl":{"start":{"line":29,"column":11},"end":{"line":29,"column":12}},"loc":{"start":{"line":29,"column":20},"end":{"line":31,"column":5}},"line":29},"6":{"name":"apiUpdateNote","decl":{"start":{"line":34,"column":9},"end":{"line":34,"column":22}},"loc":{"start":{"line":34,"column":32},"end":{"line":53,"column":1}},"line":34},"7":{"name":"(anonymous_7)","decl":{"start":{"line":46,"column":14},"end":{"line":46,"column":15}},"loc":{"start":{"line":46,"column":24},"end":{"line":48,"column":9}},"line":46},"8":{"name":"(anonymous_8)","decl":{"start":{"line":49,"column":15},"end":{"line":49,"column":16}},"loc":{"start":{"line":49,"column":24},"end":{"line":51,"column":9}},"line":49},"9":{"name":"apiFetchNotes","decl":{"start":{"line":55,"column":9},"end":{"line":55,"column":22}},"loc":{"start":{"line":55,"column":32},"end":{"line":74,"column":1}},"line":55},"10":{"name":"(anonymous_10)","decl":{"start":{"line":64,"column":14},"end":{"line":64,"column":15}},"loc":{"start":{"line":64,"column":24},"end":{"line":67,"column":9}},"line":64},"11":{"name":"(anonymous_11)","decl":{"start":{"line":68,"column":15},"end":{"line":68,"column":16}},"loc":{"start":{"line":68,"column":24},"end":{"line":72,"column":9}},"line":68}},"branchMap":{"0":{"loc":{"start":{"line":11,"column":4},"end":{"line":21,"column":5}},"type":"if","locations":[{"start":{"line":11,"column":4},"end":{"line":21,"column":5}},{"start":{"line":13,"column":9},"end":{"line":21,"column":5}}],"line":11},"1":{"loc":{"start":{"line":42,"column":4},"end":{"line":52,"column":5}},"type":"if","locations":[{"start":{"line":42,"column":4},"end":{"line":52,"column":5}},{"start":{"line":44,"column":9},"end":{"line":52,"column":5}}],"line":42},"2":{"loc":{"start":{"line":42,"column":7},"end":{"line":42,"column":23}},"type":"binary-expr","locations":[{"start":{"line":42,"column":7},"end":{"line":42,"column":14}},{"start":{"line":42,"column":17},"end":{"line":42,"column":23}}],"line":42},"3":{"loc":{"start":{"line":59,"column":4},"end":{"line":73,"column":5}},"type":"if","locations":[{"start":{"line":59,"column":4},"end":{"line":73,"column":5}},{"start":{"line":61,"column":9},"end":{"line":73,"column":5}}],"line":59}},"s":{"0":1,"1":0,"2":0,"3":0,"4":0,"5":0,"6":0,"7":0,"8":0,"9":0,"10":0,"11":0,"12":0,"13":0,"14":0,"15":0,"16":0,"17":0,"18":0,"19":0,"20":0,"21":0,"22":0,"23":0,"24":0,"25":0,"26":0,"27":0,"28":0,"29":0,"30":0,"31":0,"32":0,"33":1},"f":{"0":0,"1":0,"2":0,"3":0,"4":0,"5":0,"6":0,"7":0,"8":0,"9":0,"10":0,"11":0},"b":{"0":[0,0],"1":[0,0],"2":[0,0],"3":[0,0]},"_coverageSchema":"1a1c01bbd47fc00a2c39e90264f33305004495a9","hash":"c90191dff531bed92156bda6f4a359d1a2b6abaf"}
,"/home/guptayash/Documents/MTH-IITK/CS253A/academics-management-software/server/api/signup.js": {"path":"/home/guptayash/Documents/MTH-IITK/CS253A/academics-management-software/server/api/signup.js","statementMap":{"0":{"start":{"line":1,"column":15},"end":{"line":1,"column":34}},"1":{"start":{"line":2,"column":18},"end":{"line":2,"column":46}},"2":{"start":{"line":5,"column":22},"end":{"line":5,"column":39}},"3":{"start":{"line":6,"column":20},"end":{"line":6,"column":35}},"4":{"start":{"line":7,"column":18},"end":{"line":7,"column":31}},"5":{"start":{"line":8,"column":22},"end":{"line":8,"column":39}},"6":{"start":{"line":9,"column":11},"end":{"line":9,"column":44}},"7":{"start":{"line":11,"column":4},"end":{"line":11,"column":124}},"8":{"start":{"line":11,"column":67},"end":{"line":11,"column":124}},"9":{"start":{"line":12,"column":4},"end":{"line":12,"column":108}},"10":{"start":{"line":12,"column":29},"end":{"line":12,"column":108}},"11":{"start":{"line":20,"column":25},"end":{"line":20,"column":54}},"12":{"start":{"line":22,"column":4},"end":{"line":28,"column":7}},"13":{"start":{"line":24,"column":8},"end":{"line":24,"column":68}},"14":{"start":{"line":27,"column":8},"end":{"line":27,"column":66}},"15":{"start":{"line":31,"column":0},"end":{"line":31,"column":30}}},"fnMap":{"0":{"name":"registerUser","decl":{"start":{"line":4,"column":9},"end":{"line":4,"column":21}},"loc":{"start":{"line":4,"column":32},"end":{"line":29,"column":1}},"line":4},"1":{"name":"(anonymous_1)","decl":{"start":{"line":23,"column":11},"end":{"line":23,"column":12}},"loc":{"start":{"line":23,"column":21},"end":{"line":25,"column":5}},"line":23},"2":{"name":"(anonymous_2)","decl":{"start":{"line":26,"column":12},"end":{"line":26,"column":13}},"loc":{"start":{"line":26,"column":21},"end":{"line":28,"column":5}},"line":26}},"branchMap":{"0":{"loc":{"start":{"line":11,"column":4},"end":{"line":11,"column":124}},"type":"if","locations":[{"start":{"line":11,"column":4},"end":{"line":11,"column":124}},{"start":{},"end":{}}],"line":11},"1":{"loc":{"start":{"line":11,"column":7},"end":{"line":11,"column":64}},"type":"binary-expr","locations":[{"start":{"line":11,"column":7},"end":{"line":11,"column":16}},{"start":{"line":11,"column":20},"end":{"line":11,"column":27}},{"start":{"line":11,"column":31},"end":{"line":11,"column":36}},{"start":{"line":11,"column":40},"end":{"line":11,"column":49}},{"start":{"line":11,"column":53},"end":{"line":11,"column":64}}],"line":11},"2":{"loc":{"start":{"line":12,"column":4},"end":{"line":12,"column":108}},"type":"if","locations":[{"start":{"line":12,"column":4},"end":{"line":12,"column":108}},{"start":{},"end":{}}],"line":12}},"s":{"0":1,"1":1,"2":1,"3":1,"4":1,"5":1,"6":1,"7":1,"8":0,"9":1,"10":0,"11":1,"12":1,"13":1,"14":0,"15":1},"f":{"0":1,"1":1,"2":0},"b":{"0":[0,1],"1":[1,1,1,1,1],"2":[0,1]},"_coverageSchema":"1a1c01bbd47fc00a2c39e90264f33305004495a9","hash":"89739939b1effdbc2060f0fb1c328ffe03d33c74"}
,"/home/guptayash/Documents/MTH-IITK/CS253A/academics-management-software/server/api/validation.js": {"path":"/home/guptayash/Documents/MTH-IITK/CS253A/academics-management-software/server/api/validation.js","statementMap":{"0":{"start":{"line":4,"column":25},"end":{"line":6,"column":1}},"1":{"start":{"line":5,"column":4},"end":{"line":5,"column":18}},"2":{"start":{"line":8,"column":0},"end":{"line":8,"column":36}}},"fnMap":{"0":{"name":"(anonymous_0)","decl":{"start":{"line":4,"column":25},"end":{"line":4,"column":26}},"loc":{"start":{"line":4,"column":51},"end":{"line":6,"column":1}},"line":4}},"branchMap":{},"s":{"0":1,"1":0,"2":1},"f":{"0":0},"b":{},"_coverageSchema":"1a1c01bbd47fc00a2c39e90264f33305004495a9","hash":"fe7e16e47f22654f10976528c5e292b479766078"}
,"/home/guptayash/Documents/MTH-IITK/CS253A/academics-management-software/server/dao/NotesDAO.js": {"path":"/home/guptayash/Documents/MTH-IITK/CS253A/academics-management-software/server/dao/NotesDAO.js","statementMap":{"0":{"start":{"line":1,"column":13},"end":{"line":1,"column":41}},"1":{"start":{"line":4,"column":2},"end":{"line":27,"column":5}},"2":{"start":{"line":5,"column":15},"end":{"line":11,"column":6}},"3":{"start":{"line":12,"column":4},"end":{"line":26,"column":7}},"4":{"start":{"line":13,"column":6},"end":{"line":25,"column":7}},"5":{"start":{"line":14,"column":8},"end":{"line":17,"column":11}},"6":{"start":{"line":20,"column":8},"end":{"line":20,"column":30}},"7":{"start":{"line":21,"column":8},"end":{"line":24,"column":11}},"8":{"start":{"line":32,"column":2},"end":{"line":56,"column":5}},"9":{"start":{"line":33,"column":4},"end":{"line":55,"column":7}},"10":{"start":{"line":37,"column":6},"end":{"line":54,"column":7}},"11":{"start":{"line":38,"column":8},"end":{"line":41,"column":11}},"12":{"start":{"line":43,"column":11},"end":{"line":54,"column":7}},"13":{"start":{"line":44,"column":8},"end":{"line":47,"column":11}},"14":{"start":{"line":50,"column":8},"end":{"line":53,"column":11}},"15":{"start":{"line":122,"column":2},"end":{"line":180,"column":5}},"16":{"start":{"line":123,"column":4},"end":{"line":179,"column":9}},"17":{"start":{"line":127,"column":8},"end":{"line":147,"column":9}},"18":{"start":{"line":128,"column":10},"end":{"line":131,"column":13}},"19":{"start":{"line":132,"column":10},"end":{"line":132,"column":17}},"20":{"start":{"line":134,"column":13},"end":{"line":147,"column":9}},"21":{"start":{"line":135,"column":10},"end":{"line":138,"column":13}},"22":{"start":{"line":139,"column":10},"end":{"line":139,"column":17}},"23":{"start":{"line":141,"column":13},"end":{"line":147,"column":9}},"24":{"start":{"line":142,"column":10},"end":{"line":145,"column":13}},"25":{"start":{"line":146,"column":10},"end":{"line":146,"column":17}},"26":{"start":{"line":149,"column":8},"end":{"line":178,"column":11}},"27":{"start":{"line":158,"column":10},"end":{"line":177,"column":11}},"28":{"start":{"line":159,"column":12},"end":{"line":162,"column":15}},"29":{"start":{"line":163,"column":12},"end":{"line":163,"column":19}},"30":{"start":{"line":165,"column":15},"end":{"line":177,"column":11}},"31":{"start":{"line":166,"column":12},"end":{"line":169,"column":15}},"32":{"start":{"line":170,"column":12},"end":{"line":170,"column":19}},"33":{"start":{"line":173,"column":12},"end":{"line":176,"column":15}},"34":{"start":{"line":187,"column":0},"end":{"line":187,"column":54}}},"fnMap":{"0":{"name":"insertNote","decl":{"start":{"line":3,"column":9},"end":{"line":3,"column":19}},"loc":{"start":{"line":3,"column":61},"end":{"line":28,"column":1}},"line":3},"1":{"name":"(anonymous_1)","decl":{"start":{"line":4,"column":21},"end":{"line":4,"column":22}},"loc":{"start":{"line":4,"column":42},"end":{"line":27,"column":3}},"line":4},"2":{"name":"(anonymous_2)","decl":{"start":{"line":12,"column":14},"end":{"line":12,"column":15}},"loc":{"start":{"line":12,"column":27},"end":{"line":26,"column":5}},"line":12},"3":{"name":"deleteNote","decl":{"start":{"line":31,"column":9},"end":{"line":31,"column":19}},"loc":{"start":{"line":31,"column":27},"end":{"line":57,"column":1}},"line":31},"4":{"name":"(anonymous_4)","decl":{"start":{"line":32,"column":21},"end":{"line":32,"column":22}},"loc":{"start":{"line":32,"column":42},"end":{"line":56,"column":3}},"line":32},"5":{"name":"(anonymous_5)","decl":{"start":{"line":36,"column":4},"end":{"line":36,"column":5}},"loc":{"start":{"line":36,"column":23},"end":{"line":55,"column":5}},"line":36},"6":{"name":"updateNote","decl":{"start":{"line":121,"column":9},"end":{"line":121,"column":19}},"loc":{"start":{"line":121,"column":60},"end":{"line":181,"column":1}},"line":121},"7":{"name":"(anonymous_7)","decl":{"start":{"line":122,"column":21},"end":{"line":122,"column":22}},"loc":{"start":{"line":122,"column":42},"end":{"line":180,"column":3}},"line":122},"8":{"name":"(anonymous_8)","decl":{"start":{"line":126,"column":6},"end":{"line":126,"column":7}},"loc":{"start":{"line":126,"column":27},"end":{"line":179,"column":7}},"line":126},"9":{"name":"(anonymous_9)","decl":{"start":{"line":157,"column":8},"end":{"line":157,"column":9}},"loc":{"start":{"line":157,"column":27},"end":{"line":178,"column":9}},"line":157}},"branchMap":{"0":{"loc":{"start":{"line":13,"column":6},"end":{"line":25,"column":7}},"type":"if","locations":[{"start":{"line":13,"column":6},"end":{"line":25,"column":7}},{"start":{"line":19,"column":10},"end":{"line":25,"column":7}}],"line":13},"1":{"loc":{"start":{"line":37,"column":6},"end":{"line":54,"column":7}},"type":"if","locations":[{"start":{"line":37,"column":6},"end":{"line":54,"column":7}},{"start":{"line":43,"column":11},"end":{"line":54,"column":7}}],"line":37},"2":{"loc":{"start":{"line":43,"column":11},"end":{"line":54,"column":7}},"type":"if","locations":[{"start":{"line":43,"column":11},"end":{"line":54,"column":7}},{"start":{"line":49,"column":10},"end":{"line":54,"column":7}}],"line":43},"3":{"loc":{"start":{"line":127,"column":8},"end":{"line":147,"column":9}},"type":"if","locations":[{"start":{"line":127,"column":8},"end":{"line":147,"column":9}},{"start":{"line":134,"column":13},"end":{"line":147,"column":9}}],"line":127},"4":{"loc":{"start":{"line":134,"column":13},"end":{"line":147,"column":9}},"type":"if","locations":[{"start":{"line":134,"column":13},"end":{"line":147,"column":9}},{"start":{"line":141,"column":13},"end":{"line":147,"column":9}}],"line":134},"5":{"loc":{"start":{"line":141,"column":13},"end":{"line":147,"column":9}},"type":"if","locations":[{"start":{"line":141,"column":13},"end":{"line":147,"column":9}},{"start":{},"end":{}}],"line":141},"6":{"loc":{"start":{"line":158,"column":10},"end":{"line":177,"column":11}},"type":"if","locations":[{"start":{"line":158,"column":10},"end":{"line":177,"column":11}},{"start":{"line":165,"column":15},"end":{"line":177,"column":11}}],"line":158},"7":{"loc":{"start":{"line":165,"column":15},"end":{"line":177,"column":11}},"type":"if","locations":[{"start":{"line":165,"column":15},"end":{"line":177,"column":11}},{"start":{"line":172,"column":14},"end":{"line":177,"column":11}}],"line":165}},"s":{"0":1,"1":0,"2":0,"3":0,"4":0,"5":0,"6":0,"7":0,"8":0,"9":0,"10":0,"11":0,"12":0,"13":0,"14":0,"15":0,"16":0,"17":0,"18":0,"19":0,"20":0,"21":0,"22":0,"23":0,"24":0,"25":0,"26":0,"27":0,"28":0,"29":0,"30":0,"31":0,"32":0,"33":0,"34":1},"f":{"0":0,"1":0,"2":0,"3":0,"4":0,"5":0,"6":0,"7":0,"8":0,"9":0},"b":{"0":[0,0],"1":[0,0],"2":[0,0],"3":[0,0],"4":[0,0],"5":[0,0],"6":[0,0],"7":[0,0]},"_coverageSchema":"1a1c01bbd47fc00a2c39e90264f33305004495a9","hash":"5e5ae96f0fb930bd53a40c2069e91f4223d02050"}
,"/home/guptayash/Documents/MTH-IITK/CS253A/academics-management-software/server/dao/courseDAO.js": {"path":"/home/guptayash/Documents/MTH-IITK/CS253A/academics-management-software/server/dao/courseDAO.js","statementMap":{"0":{"start":{"line":1,"column":34},"end":{"line":1,"column":64}},"1":{"start":{"line":2,"column":13},"end":{"line":2,"column":41}},"2":{"start":{"line":7,"column":4},"end":{"line":18,"column":7}},"3":{"start":{"line":9,"column":8},"end":{"line":16,"column":11}},"4":{"start":{"line":10,"column":12},"end":{"line":10,"column":59}},"5":{"start":{"line":10,"column":20},"end":{"line":10,"column":59}},"6":{"start":{"line":12,"column":12},"end":{"line":12,"column":60}},"7":{"start":{"line":12,"column":27},"end":{"line":12,"column":60}},"8":{"start":{"line":14,"column":12},"end":{"line":14,"column":105}},"9":{"start":{"line":22,"column":4},"end":{"line":58,"column":7}},"10":{"start":{"line":24,"column":8},"end":{"line":56,"column":11}},"11":{"start":{"line":25,"column":12},"end":{"line":55,"column":13}},"12":{"start":{"line":25,"column":20},"end":{"line":25,"column":83}},"13":{"start":{"line":26,"column":17},"end":{"line":55,"column":13}},"14":{"start":{"line":26,"column":29},"end":{"line":26,"column":88}},"15":{"start":{"line":30,"column":34},"end":{"line":30,"column":36}},"16":{"start":{"line":31,"column":31},"end":{"line":31,"column":33}},"17":{"start":{"line":33,"column":16},"end":{"line":36,"column":17}},"18":{"start":{"line":33,"column":28},"end":{"line":33,"column":29}},"19":{"start":{"line":34,"column":28},"end":{"line":34,"column":63}},"20":{"start":{"line":35,"column":20},"end":{"line":35,"column":37}},"21":{"start":{"line":38,"column":24},"end":{"line":41,"column":26}},"22":{"start":{"line":40,"column":28},"end":{"line":40,"column":53}},"23":{"start":{"line":43,"column":16},"end":{"line":54,"column":18}},"24":{"start":{"line":44,"column":41},"end":{"line":51,"column":21}},"25":{"start":{"line":53,"column":20},"end":{"line":53,"column":113}},"26":{"start":{"line":63,"column":4},"end":{"line":84,"column":7}},"27":{"start":{"line":65,"column":8},"end":{"line":82,"column":11}},"28":{"start":{"line":67,"column":12},"end":{"line":69,"column":57}},"29":{"start":{"line":67,"column":20},"end":{"line":67,"column":52}},"30":{"start":{"line":69,"column":17},"end":{"line":69,"column":57}},"31":{"start":{"line":69,"column":29},"end":{"line":69,"column":57}},"32":{"start":{"line":71,"column":12},"end":{"line":71,"column":112}},"33":{"start":{"line":72,"column":12},"end":{"line":72,"column":42}},"34":{"start":{"line":74,"column":12},"end":{"line":80,"column":15}},"35":{"start":{"line":76,"column":16},"end":{"line":76,"column":53}},"36":{"start":{"line":79,"column":16},"end":{"line":79,"column":48}},"37":{"start":{"line":88,"column":4},"end":{"line":125,"column":7}},"38":{"start":{"line":90,"column":29},"end":{"line":90,"column":59}},"39":{"start":{"line":91,"column":8},"end":{"line":91,"column":34}},"40":{"start":{"line":92,"column":8},"end":{"line":123,"column":11}},"41":{"start":{"line":93,"column":12},"end":{"line":122,"column":13}},"42":{"start":{"line":94,"column":34},"end":{"line":98,"column":18}},"43":{"start":{"line":100,"column":16},"end":{"line":100,"column":33}},"44":{"start":{"line":102,"column":16},"end":{"line":109,"column":19}},"45":{"start":{"line":104,"column":20},"end":{"line":104,"column":60}},"46":{"start":{"line":107,"column":20},"end":{"line":108,"column":63}},"47":{"start":{"line":107,"column":58},"end":{"line":107,"column":96}},"48":{"start":{"line":108,"column":25},"end":{"line":108,"column":63}},"49":{"start":{"line":113,"column":16},"end":{"line":113,"column":37}},"50":{"start":{"line":114,"column":16},"end":{"line":114,"column":47}},"51":{"start":{"line":115,"column":16},"end":{"line":121,"column":19}},"52":{"start":{"line":117,"column":20},"end":{"line":117,"column":89}},"53":{"start":{"line":120,"column":20},"end":{"line":120,"column":83}},"54":{"start":{"line":129,"column":4},"end":{"line":137,"column":7}},"55":{"start":{"line":130,"column":8},"end":{"line":136,"column":11}},"56":{"start":{"line":131,"column":12},"end":{"line":131,"column":59}},"57":{"start":{"line":131,"column":20},"end":{"line":131,"column":59}},"58":{"start":{"line":133,"column":12},"end":{"line":133,"column":62}},"59":{"start":{"line":133,"column":28},"end":{"line":133,"column":62}},"60":{"start":{"line":135,"column":12},"end":{"line":135,"column":110}},"61":{"start":{"line":141,"column":4},"end":{"line":173,"column":7}},"62":{"start":{"line":142,"column":8},"end":{"line":172,"column":11}},"63":{"start":{"line":143,"column":12},"end":{"line":171,"column":13}},"64":{"start":{"line":143,"column":20},"end":{"line":143,"column":83}},"65":{"start":{"line":144,"column":17},"end":{"line":171,"column":13}},"66":{"start":{"line":144,"column":32},"end":{"line":144,"column":91}},"67":{"start":{"line":148,"column":35},"end":{"line":148,"column":37}},"68":{"start":{"line":149,"column":31},"end":{"line":149,"column":33}},"69":{"start":{"line":151,"column":16},"end":{"line":154,"column":17}},"70":{"start":{"line":151,"column":28},"end":{"line":151,"column":29}},"71":{"start":{"line":152,"column":28},"end":{"line":152,"column":68}},"72":{"start":{"line":153,"column":20},"end":{"line":153,"column":37}},"73":{"start":{"line":156,"column":24},"end":{"line":159,"column":26}},"74":{"start":{"line":158,"column":28},"end":{"line":158,"column":55}},"75":{"start":{"line":161,"column":16},"end":{"line":170,"column":18}},"76":{"start":{"line":162,"column":41},"end":{"line":167,"column":21}},"77":{"start":{"line":169,"column":20},"end":{"line":169,"column":113}},"78":{"start":{"line":177,"column":4},"end":{"line":199,"column":7}},"79":{"start":{"line":178,"column":8},"end":{"line":198,"column":10}},"80":{"start":{"line":179,"column":12},"end":{"line":179,"column":83}},"81":{"start":{"line":179,"column":20},"end":{"line":179,"column":83}},"82":{"start":{"line":180,"column":12},"end":{"line":180,"column":83}},"83":{"start":{"line":180,"column":24},"end":{"line":180,"column":83}},"84":{"start":{"line":182,"column":30},"end":{"line":182,"column":32}},"85":{"start":{"line":183,"column":27},"end":{"line":183,"column":29}},"86":{"start":{"line":185,"column":12},"end":{"line":188,"column":13}},"87":{"start":{"line":185,"column":24},"end":{"line":185,"column":25}},"88":{"start":{"line":186,"column":24},"end":{"line":186,"column":76}},"89":{"start":{"line":187,"column":16},"end":{"line":187,"column":33}},"90":{"start":{"line":190,"column":12},"end":{"line":193,"column":19}},"91":{"start":{"line":192,"column":20},"end":{"line":192,"column":44}},"92":{"start":{"line":195,"column":12},"end":{"line":197,"column":15}},"93":{"start":{"line":196,"column":16},"end":{"line":196,"column":111}},"94":{"start":{"line":203,"column":4},"end":{"line":227,"column":7}},"95":{"start":{"line":204,"column":8},"end":{"line":226,"column":11}},"96":{"start":{"line":206,"column":12},"end":{"line":224,"column":13}},"97":{"start":{"line":206,"column":20},"end":{"line":206,"column":76}},"98":{"start":{"line":207,"column":17},"end":{"line":224,"column":13}},"99":{"start":{"line":207,"column":27},"end":{"line":207,"column":102}},"100":{"start":{"line":210,"column":30},"end":{"line":210,"column":80}},"101":{"start":{"line":210,"column":63},"end":{"line":210,"column":79}},"102":{"start":{"line":212,"column":16},"end":{"line":212,"column":106}},"103":{"start":{"line":212,"column":26},"end":{"line":212,"column":106}},"104":{"start":{"line":214,"column":16},"end":{"line":223,"column":19}},"105":{"start":{"line":215,"column":20},"end":{"line":215,"column":84}},"106":{"start":{"line":215,"column":28},"end":{"line":215,"column":84}},"107":{"start":{"line":217,"column":20},"end":{"line":217,"column":84}},"108":{"start":{"line":217,"column":32},"end":{"line":217,"column":84}},"109":{"start":{"line":219,"column":20},"end":{"line":219,"column":56}},"110":{"start":{"line":219,"column":57},"end":{"line":219,"column":69}},"111":{"start":{"line":221,"column":20},"end":{"line":221,"column":52}},"112":{"start":{"line":221,"column":53},"end":{"line":221,"column":67}},"113":{"start":{"line":222,"column":20},"end":{"line":222,"column":82}},"114":{"start":{"line":231,"column":4},"end":{"line":240,"column":7}},"115":{"start":{"line":232,"column":8},"end":{"line":239,"column":11}},"116":{"start":{"line":233,"column":12},"end":{"line":238,"column":13}},"117":{"start":{"line":233,"column":20},"end":{"line":233,"column":83}},"118":{"start":{"line":234,"column":17},"end":{"line":238,"column":13}},"119":{"start":{"line":234,"column":27},"end":{"line":234,"column":109}},"120":{"start":{"line":237,"column":16},"end":{"line":237,"column":133}},"121":{"start":{"line":244,"column":4},"end":{"line":259,"column":6}},"122":{"start":{"line":245,"column":8},"end":{"line":258,"column":10}},"123":{"start":{"line":246,"column":12},"end":{"line":257,"column":13}},"124":{"start":{"line":246,"column":20},"end":{"line":246,"column":59}},"125":{"start":{"line":247,"column":17},"end":{"line":257,"column":13}},"126":{"start":{"line":247,"column":32},"end":{"line":247,"column":66}},"127":{"start":{"line":249,"column":16},"end":{"line":249,"column":51}},"128":{"start":{"line":250,"column":16},"end":{"line":256,"column":18}},"129":{"start":{"line":252,"column":20},"end":{"line":252,"column":65}},"130":{"start":{"line":255,"column":20},"end":{"line":255,"column":59}},"131":{"start":{"line":264,"column":22},"end":{"line":264,"column":52}},"132":{"start":{"line":266,"column":4},"end":{"line":303,"column":7}},"133":{"start":{"line":268,"column":8},"end":{"line":301,"column":11}},"134":{"start":{"line":270,"column":12},"end":{"line":300,"column":13}},"135":{"start":{"line":270,"column":20},"end":{"line":270,"column":76}},"136":{"start":{"line":272,"column":17},"end":{"line":300,"column":13}},"137":{"start":{"line":273,"column":35},"end":{"line":277,"column":18}},"138":{"start":{"line":279,"column":16},"end":{"line":279,"column":34}},"139":{"start":{"line":281,"column":16},"end":{"line":288,"column":18}},"140":{"start":{"line":283,"column":20},"end":{"line":283,"column":67}},"141":{"start":{"line":286,"column":20},"end":{"line":287,"column":69}},"142":{"start":{"line":286,"column":57},"end":{"line":286,"column":102}},"143":{"start":{"line":287,"column":25},"end":{"line":287,"column":69}},"144":{"start":{"line":292,"column":16},"end":{"line":292,"column":50}},"145":{"start":{"line":293,"column":16},"end":{"line":299,"column":19}},"146":{"start":{"line":295,"column":20},"end":{"line":295,"column":90}},"147":{"start":{"line":298,"column":20},"end":{"line":298,"column":83}},"148":{"start":{"line":307,"column":4},"end":{"line":322,"column":7}},"149":{"start":{"line":308,"column":8},"end":{"line":321,"column":11}},"150":{"start":{"line":309,"column":12},"end":{"line":320,"column":13}},"151":{"start":{"line":309,"column":20},"end":{"line":309,"column":83}},"152":{"start":{"line":310,"column":17},"end":{"line":320,"column":13}},"153":{"start":{"line":310,"column":32},"end":{"line":310,"column":91}},"154":{"start":{"line":312,"column":16},"end":{"line":312,"column":54}},"155":{"start":{"line":313,"column":16},"end":{"line":319,"column":18}},"156":{"start":{"line":315,"column":20},"end":{"line":315,"column":88}},"157":{"start":{"line":318,"column":20},"end":{"line":318,"column":83}},"158":{"start":{"line":326,"column":4},"end":{"line":341,"column":7}},"159":{"start":{"line":327,"column":8},"end":{"line":340,"column":11}},"160":{"start":{"line":328,"column":12},"end":{"line":339,"column":13}},"161":{"start":{"line":328,"column":20},"end":{"line":328,"column":83}},"162":{"start":{"line":329,"column":17},"end":{"line":339,"column":13}},"163":{"start":{"line":329,"column":33},"end":{"line":329,"column":93}},"164":{"start":{"line":331,"column":16},"end":{"line":331,"column":56}},"165":{"start":{"line":332,"column":16},"end":{"line":338,"column":18}},"166":{"start":{"line":334,"column":20},"end":{"line":334,"column":88}},"167":{"start":{"line":337,"column":20},"end":{"line":337,"column":83}},"168":{"start":{"line":345,"column":19},"end":{"line":348,"column":6}},"169":{"start":{"line":349,"column":4},"end":{"line":354,"column":6}},"170":{"start":{"line":350,"column":8},"end":{"line":353,"column":9}},"171":{"start":{"line":351,"column":12},"end":{"line":351,"column":34}},"172":{"start":{"line":352,"column":12},"end":{"line":352,"column":26}},"173":{"start":{"line":358,"column":0},"end":{"line":358,"column":170}}},"fnMap":{"0":{"name":"getReviewContent","decl":{"start":{"line":5,"column":15},"end":{"line":5,"column":31}},"loc":{"start":{"line":5,"column":43},"end":{"line":19,"column":1}},"line":5},"1":{"name":"(anonymous_1)","decl":{"start":{"line":7,"column":24},"end":{"line":7,"column":25}},"loc":{"start":{"line":7,"column":45},"end":{"line":18,"column":5}},"line":7},"2":{"name":"(anonymous_2)","decl":{"start":{"line":9,"column":45},"end":{"line":9,"column":46}},"loc":{"start":{"line":9,"column":65},"end":{"line":16,"column":9}},"line":9},"3":{"name":"getCourseDetails","decl":{"start":{"line":21,"column":15},"end":{"line":21,"column":31}},"loc":{"start":{"line":21,"column":43},"end":{"line":59,"column":1}},"line":21},"4":{"name":"(anonymous_4)","decl":{"start":{"line":22,"column":24},"end":{"line":22,"column":25}},"loc":{"start":{"line":22,"column":45},"end":{"line":58,"column":5}},"line":22},"5":{"name":"(anonymous_5)","decl":{"start":{"line":24,"column":45},"end":{"line":24,"column":46}},"loc":{"start":{"line":24,"column":62},"end":{"line":56,"column":9}},"line":24},"6":{"name":"(anonymous_6)","decl":{"start":{"line":39,"column":30},"end":{"line":39,"column":31}},"loc":{"start":{"line":39,"column":44},"end":{"line":41,"column":25}},"line":39},"7":{"name":"(anonymous_7)","decl":{"start":{"line":43,"column":24},"end":{"line":43,"column":25}},"loc":{"start":{"line":43,"column":30},"end":{"line":54,"column":17}},"line":43},"8":{"name":"updateCourseRating","decl":{"start":{"line":62,"column":15},"end":{"line":62,"column":33}},"loc":{"start":{"line":62,"column":63},"end":{"line":85,"column":1}},"line":62},"9":{"name":"(anonymous_9)","decl":{"start":{"line":63,"column":24},"end":{"line":63,"column":25}},"loc":{"start":{"line":63,"column":45},"end":{"line":84,"column":5}},"line":63},"10":{"name":"(anonymous_10)","decl":{"start":{"line":65,"column":45},"end":{"line":65,"column":46}},"loc":{"start":{"line":65,"column":62},"end":{"line":82,"column":9}},"line":65},"11":{"name":"(anonymous_11)","decl":{"start":{"line":75,"column":18},"end":{"line":75,"column":19}},"loc":{"start":{"line":75,"column":30},"end":{"line":77,"column":13}},"line":75},"12":{"name":"(anonymous_12)","decl":{"start":{"line":78,"column":19},"end":{"line":78,"column":20}},"loc":{"start":{"line":78,"column":28},"end":{"line":80,"column":13}},"line":78},"13":{"name":"addReview","decl":{"start":{"line":87,"column":15},"end":{"line":87,"column":24}},"loc":{"start":{"line":87,"column":62},"end":{"line":126,"column":1}},"line":87},"14":{"name":"(anonymous_14)","decl":{"start":{"line":88,"column":24},"end":{"line":88,"column":25}},"loc":{"start":{"line":88,"column":45},"end":{"line":125,"column":5}},"line":88},"15":{"name":"(anonymous_15)","decl":{"start":{"line":92,"column":49},"end":{"line":92,"column":50}},"loc":{"start":{"line":92,"column":74},"end":{"line":123,"column":9}},"line":92},"16":{"name":"(anonymous_16)","decl":{"start":{"line":103,"column":23},"end":{"line":103,"column":24}},"loc":{"start":{"line":103,"column":33},"end":{"line":105,"column":17}},"line":103},"17":{"name":"(anonymous_17)","decl":{"start":{"line":106,"column":24},"end":{"line":106,"column":25}},"loc":{"start":{"line":106,"column":33},"end":{"line":109,"column":17}},"line":106},"18":{"name":"(anonymous_18)","decl":{"start":{"line":116,"column":23},"end":{"line":116,"column":24}},"loc":{"start":{"line":116,"column":29},"end":{"line":118,"column":17}},"line":116},"19":{"name":"(anonymous_19)","decl":{"start":{"line":119,"column":24},"end":{"line":119,"column":25}},"loc":{"start":{"line":119,"column":30},"end":{"line":121,"column":17}},"line":119},"20":{"name":"getCommentContent","decl":{"start":{"line":128,"column":15},"end":{"line":128,"column":32}},"loc":{"start":{"line":128,"column":45},"end":{"line":138,"column":1}},"line":128},"21":{"name":"(anonymous_21)","decl":{"start":{"line":129,"column":24},"end":{"line":129,"column":25}},"loc":{"start":{"line":129,"column":45},"end":{"line":137,"column":5}},"line":129},"22":{"name":"(anonymous_22)","decl":{"start":{"line":130,"column":48},"end":{"line":130,"column":49}},"loc":{"start":{"line":130,"column":69},"end":{"line":136,"column":9}},"line":130},"23":{"name":"getReviewDetails","decl":{"start":{"line":140,"column":15},"end":{"line":140,"column":31}},"loc":{"start":{"line":140,"column":43},"end":{"line":174,"column":1}},"line":140},"24":{"name":"(anonymous_24)","decl":{"start":{"line":141,"column":24},"end":{"line":141,"column":25}},"loc":{"start":{"line":141,"column":45},"end":{"line":173,"column":5}},"line":141},"25":{"name":"(anonymous_25)","decl":{"start":{"line":142,"column":45},"end":{"line":142,"column":46}},"loc":{"start":{"line":142,"column":65},"end":{"line":172,"column":9}},"line":142},"26":{"name":"(anonymous_26)","decl":{"start":{"line":157,"column":30},"end":{"line":157,"column":31}},"loc":{"start":{"line":157,"column":45},"end":{"line":159,"column":25}},"line":157},"27":{"name":"(anonymous_27)","decl":{"start":{"line":161,"column":24},"end":{"line":161,"column":25}},"loc":{"start":{"line":161,"column":30},"end":{"line":170,"column":17}},"line":161},"28":{"name":"getReviews","decl":{"start":{"line":176,"column":15},"end":{"line":176,"column":25}},"loc":{"start":{"line":176,"column":37},"end":{"line":200,"column":1}},"line":176},"29":{"name":"(anonymous_29)","decl":{"start":{"line":177,"column":24},"end":{"line":177,"column":25}},"loc":{"start":{"line":177,"column":45},"end":{"line":199,"column":5}},"line":177},"30":{"name":"(anonymous_30)","decl":{"start":{"line":178,"column":45},"end":{"line":178,"column":46}},"loc":{"start":{"line":178,"column":62},"end":{"line":198,"column":9}},"line":178},"31":{"name":"(anonymous_31)","decl":{"start":{"line":191,"column":23},"end":{"line":191,"column":24}},"loc":{"start":{"line":191,"column":36},"end":{"line":193,"column":17}},"line":191},"32":{"name":"(anonymous_32)","decl":{"start":{"line":195,"column":20},"end":{"line":195,"column":21}},"loc":{"start":{"line":195,"column":26},"end":{"line":197,"column":13}},"line":195},"33":{"name":"addToFavourites","decl":{"start":{"line":202,"column":15},"end":{"line":202,"column":30}},"loc":{"start":{"line":202,"column":52},"end":{"line":228,"column":1}},"line":202},"34":{"name":"(anonymous_34)","decl":{"start":{"line":203,"column":24},"end":{"line":203,"column":25}},"loc":{"start":{"line":203,"column":45},"end":{"line":227,"column":5}},"line":203},"35":{"name":"(anonymous_35)","decl":{"start":{"line":204,"column":43},"end":{"line":204,"column":44}},"loc":{"start":{"line":204,"column":58},"end":{"line":226,"column":9}},"line":204},"36":{"name":"(anonymous_36)","decl":{"start":{"line":210,"column":56},"end":{"line":210,"column":57}},"loc":{"start":{"line":210,"column":63},"end":{"line":210,"column":79}},"line":210},"37":{"name":"(anonymous_37)","decl":{"start":{"line":214,"column":53},"end":{"line":214,"column":54}},"loc":{"start":{"line":214,"column":70},"end":{"line":223,"column":17}},"line":214},"38":{"name":"getFavoriteCourses","decl":{"start":{"line":230,"column":15},"end":{"line":230,"column":33}},"loc":{"start":{"line":230,"column":45},"end":{"line":241,"column":1}},"line":230},"39":{"name":"(anonymous_39)","decl":{"start":{"line":231,"column":24},"end":{"line":231,"column":25}},"loc":{"start":{"line":231,"column":45},"end":{"line":240,"column":5}},"line":231},"40":{"name":"(anonymous_40)","decl":{"start":{"line":232,"column":43},"end":{"line":232,"column":44}},"loc":{"start":{"line":232,"column":58},"end":{"line":239,"column":9}},"line":232},"41":{"name":"addComment","decl":{"start":{"line":243,"column":15},"end":{"line":243,"column":25}},"loc":{"start":{"line":243,"column":48},"end":{"line":260,"column":1}},"line":243},"42":{"name":"(anonymous_42)","decl":{"start":{"line":244,"column":24},"end":{"line":244,"column":25}},"loc":{"start":{"line":244,"column":45},"end":{"line":259,"column":5}},"line":244},"43":{"name":"(anonymous_43)","decl":{"start":{"line":245,"column":45},"end":{"line":245,"column":46}},"loc":{"start":{"line":245,"column":65},"end":{"line":258,"column":9}},"line":245},"44":{"name":"(anonymous_44)","decl":{"start":{"line":251,"column":23},"end":{"line":251,"column":24}},"loc":{"start":{"line":251,"column":29},"end":{"line":253,"column":17}},"line":251},"45":{"name":"(anonymous_45)","decl":{"start":{"line":254,"column":24},"end":{"line":254,"column":25}},"loc":{"start":{"line":254,"column":30},"end":{"line":256,"column":17}},"line":254},"46":{"name":"addCommentToReview","decl":{"start":{"line":262,"column":15},"end":{"line":262,"column":33}},"loc":{"start":{"line":262,"column":64},"end":{"line":304,"column":1}},"line":262},"47":{"name":"(anonymous_47)","decl":{"start":{"line":266,"column":24},"end":{"line":266,"column":25}},"loc":{"start":{"line":266,"column":45},"end":{"line":303,"column":5}},"line":266},"48":{"name":"(anonymous_48)","decl":{"start":{"line":268,"column":48},"end":{"line":268,"column":49}},"loc":{"start":{"line":268,"column":74},"end":{"line":301,"column":9}},"line":268},"49":{"name":"(anonymous_49)","decl":{"start":{"line":282,"column":23},"end":{"line":282,"column":24}},"loc":{"start":{"line":282,"column":35},"end":{"line":284,"column":17}},"line":282},"50":{"name":"(anonymous_50)","decl":{"start":{"line":285,"column":24},"end":{"line":285,"column":25}},"loc":{"start":{"line":285,"column":35},"end":{"line":288,"column":17}},"line":285},"51":{"name":"(anonymous_51)","decl":{"start":{"line":294,"column":23},"end":{"line":294,"column":24}},"loc":{"start":{"line":294,"column":29},"end":{"line":296,"column":17}},"line":294},"52":{"name":"(anonymous_52)","decl":{"start":{"line":297,"column":24},"end":{"line":297,"column":25}},"loc":{"start":{"line":297,"column":30},"end":{"line":299,"column":17}},"line":297},"53":{"name":"likeReview","decl":{"start":{"line":306,"column":15},"end":{"line":306,"column":25}},"loc":{"start":{"line":306,"column":37},"end":{"line":323,"column":1}},"line":306},"54":{"name":"(anonymous_54)","decl":{"start":{"line":307,"column":24},"end":{"line":307,"column":25}},"loc":{"start":{"line":307,"column":45},"end":{"line":322,"column":5}},"line":307},"55":{"name":"(anonymous_55)","decl":{"start":{"line":308,"column":45},"end":{"line":308,"column":46}},"loc":{"start":{"line":308,"column":65},"end":{"line":321,"column":9}},"line":308},"56":{"name":"(anonymous_56)","decl":{"start":{"line":314,"column":23},"end":{"line":314,"column":24}},"loc":{"start":{"line":314,"column":29},"end":{"line":316,"column":17}},"line":314},"57":{"name":"(anonymous_57)","decl":{"start":{"line":317,"column":24},"end":{"line":317,"column":25}},"loc":{"start":{"line":317,"column":30},"end":{"line":319,"column":17}},"line":317},"58":{"name":"likeComment","decl":{"start":{"line":325,"column":15},"end":{"line":325,"column":26}},"loc":{"start":{"line":325,"column":39},"end":{"line":342,"column":1}},"line":325},"59":{"name":"(anonymous_59)","decl":{"start":{"line":326,"column":24},"end":{"line":326,"column":25}},"loc":{"start":{"line":326,"column":45},"end":{"line":341,"column":5}},"line":326},"60":{"name":"(anonymous_60)","decl":{"start":{"line":327,"column":48},"end":{"line":327,"column":49}},"loc":{"start":{"line":327,"column":69},"end":{"line":340,"column":9}},"line":327},"61":{"name":"(anonymous_61)","decl":{"start":{"line":333,"column":23},"end":{"line":333,"column":24}},"loc":{"start":{"line":333,"column":29},"end":{"line":335,"column":17}},"line":333},"62":{"name":"(anonymous_62)","decl":{"start":{"line":336,"column":24},"end":{"line":336,"column":25}},"loc":{"start":{"line":336,"column":30},"end":{"line":338,"column":17}},"line":336},"63":{"name":"addCourse","decl":{"start":{"line":344,"column":15},"end":{"line":344,"column":24}},"loc":{"start":{"line":344,"column":48},"end":{"line":355,"column":1}},"line":344},"64":{"name":"(anonymous_64)","decl":{"start":{"line":349,"column":41},"end":{"line":349,"column":42}},"loc":{"start":{"line":349,"column":58},"end":{"line":354,"column":5}},"line":349}},"branchMap":{"0":{"loc":{"start":{"line":10,"column":12},"end":{"line":10,"column":59}},"type":"if","locations":[{"start":{"line":10,"column":12},"end":{"line":10,"column":59}},{"start":{},"end":{}}],"line":10},"1":{"loc":{"start":{"line":12,"column":12},"end":{"line":12,"column":60}},"type":"if","locations":[{"start":{"line":12,"column":12},"end":{"line":12,"column":60}},{"start":{},"end":{}}],"line":12},"2":{"loc":{"start":{"line":25,"column":12},"end":{"line":55,"column":13}},"type":"if","locations":[{"start":{"line":25,"column":12},"end":{"line":55,"column":13}},{"start":{"line":26,"column":17},"end":{"line":55,"column":13}}],"line":25},"3":{"loc":{"start":{"line":26,"column":17},"end":{"line":55,"column":13}},"type":"if","locations":[{"start":{"line":26,"column":17},"end":{"line":55,"column":13}},{"start":{"line":28,"column":17},"end":{"line":55,"column":13}}],"line":26},"4":{"loc":{"start":{"line":67,"column":12},"end":{"line":69,"column":57}},"type":"if","locations":[{"start":{"line":67,"column":12},"end":{"line":69,"column":57}},{"start":{"line":69,"column":17},"end":{"line":69,"column":57}}],"line":67},"5":{"loc":{"start":{"line":69,"column":17},"end":{"line":69,"column":57}},"type":"if","locations":[{"start":{"line":69,"column":17},"end":{"line":69,"column":57}},{"start":{},"end":{}}],"line":69},"6":{"loc":{"start":{"line":93,"column":12},"end":{"line":122,"column":13}},"type":"if","locations":[{"start":{"line":93,"column":12},"end":{"line":122,"column":13}},{"start":{"line":112,"column":16},"end":{"line":122,"column":13}}],"line":93},"7":{"loc":{"start":{"line":107,"column":20},"end":{"line":108,"column":63}},"type":"if","locations":[{"start":{"line":107,"column":20},"end":{"line":108,"column":63}},{"start":{"line":108,"column":25},"end":{"line":108,"column":63}}],"line":107},"8":{"loc":{"start":{"line":131,"column":12},"end":{"line":131,"column":59}},"type":"if","locations":[{"start":{"line":131,"column":12},"end":{"line":131,"column":59}},{"start":{},"end":{}}],"line":131},"9":{"loc":{"start":{"line":133,"column":12},"end":{"line":133,"column":62}},"type":"if","locations":[{"start":{"line":133,"column":12},"end":{"line":133,"column":62}},{"start":{},"end":{}}],"line":133},"10":{"loc":{"start":{"line":143,"column":12},"end":{"line":171,"column":13}},"type":"if","locations":[{"start":{"line":143,"column":12},"end":{"line":171,"column":13}},{"start":{"line":144,"column":17},"end":{"line":171,"column":13}}],"line":143},"11":{"loc":{"start":{"line":144,"column":17},"end":{"line":171,"column":13}},"type":"if","locations":[{"start":{"line":144,"column":17},"end":{"line":171,"column":13}},{"start":{"line":146,"column":17},"end":{"line":171,"column":13}}],"line":144},"12":{"loc":{"start":{"line":179,"column":12},"end":{"line":179,"column":83}},"type":"if","locations":[{"start":{"line":179,"column":12},"end":{"line":179,"column":83}},{"start":{},"end":{}}],"line":179},"13":{"loc":{"start":{"line":180,"column":12},"end":{"line":180,"column":83}},"type":"if","locations":[{"start":{"line":180,"column":12},"end":{"line":180,"column":83}},{"start":{},"end":{}}],"line":180},"14":{"loc":{"start":{"line":206,"column":12},"end":{"line":224,"column":13}},"type":"if","locations":[{"start":{"line":206,"column":12},"end":{"line":224,"column":13}},{"start":{"line":207,"column":17},"end":{"line":224,"column":13}}],"line":206},"15":{"loc":{"start":{"line":207,"column":17},"end":{"line":224,"column":13}},"type":"if","locations":[{"start":{"line":207,"column":17},"end":{"line":224,"column":13}},{"start":{"line":208,"column":17},"end":{"line":224,"column":13}}],"line":207},"16":{"loc":{"start":{"line":212,"column":16},"end":{"line":212,"column":106}},"type":"if","locations":[{"start":{"line":212,"column":16},"end":{"line":212,"column":106}},{"start":{},"end":{}}],"line":212},"17":{"loc":{"start":{"line":215,"column":20},"end":{"line":215,"column":84}},"type":"if","locations":[{"start":{"line":215,"column":20},"end":{"line":215,"column":84}},{"start":{},"end":{}}],"line":215},"18":{"loc":{"start":{"line":217,"column":20},"end":{"line":217,"column":84}},"type":"if","locations":[{"start":{"line":217,"column":20},"end":{"line":217,"column":84}},{"start":{},"end":{}}],"line":217},"19":{"loc":{"start":{"line":233,"column":12},"end":{"line":238,"column":13}},"type":"if","locations":[{"start":{"line":233,"column":12},"end":{"line":238,"column":13}},{"start":{"line":234,"column":17},"end":{"line":238,"column":13}}],"line":233},"20":{"loc":{"start":{"line":234,"column":17},"end":{"line":238,"column":13}},"type":"if","locations":[{"start":{"line":234,"column":17},"end":{"line":238,"column":13}},{"start":{"line":236,"column":16},"end":{"line":238,"column":13}}],"line":234},"21":{"loc":{"start":{"line":246,"column":12},"end":{"line":257,"column":13}},"type":"if","locations":[{"start":{"line":246,"column":12},"end":{"line":257,"column":13}},{"start":{"line":247,"column":17},"end":{"line":257,"column":13}}],"line":246},"22":{"loc":{"start":{"line":247,"column":17},"end":{"line":257,"column":13}},"type":"if","locations":[{"start":{"line":247,"column":17},"end":{"line":257,"column":13}},{"start":{"line":248,"column":16},"end":{"line":257,"column":13}}],"line":247},"23":{"loc":{"start":{"line":270,"column":12},"end":{"line":300,"column":13}},"type":"if","locations":[{"start":{"line":270,"column":12},"end":{"line":300,"column":13}},{"start":{"line":272,"column":17},"end":{"line":300,"column":13}}],"line":270},"24":{"loc":{"start":{"line":272,"column":17},"end":{"line":300,"column":13}},"type":"if","locations":[{"start":{"line":272,"column":17},"end":{"line":300,"column":13}},{"start":{"line":291,"column":17},"end":{"line":300,"column":13}}],"line":272},"25":{"loc":{"start":{"line":286,"column":20},"end":{"line":287,"column":69}},"type":"if","locations":[{"start":{"line":286,"column":20},"end":{"line":287,"column":69}},{"start":{"line":287,"column":25},"end":{"line":287,"column":69}}],"line":286},"26":{"loc":{"start":{"line":309,"column":12},"end":{"line":320,"column":13}},"type":"if","locations":[{"start":{"line":309,"column":12},"end":{"line":320,"column":13}},{"start":{"line":310,"column":17},"end":{"line":320,"column":13}}],"line":309},"27":{"loc":{"start":{"line":310,"column":17},"end":{"line":320,"column":13}},"type":"if","locations":[{"start":{"line":310,"column":17},"end":{"line":320,"column":13}},{"start":{"line":311,"column":16},"end":{"line":320,"column":13}}],"line":310},"28":{"loc":{"start":{"line":328,"column":12},"end":{"line":339,"column":13}},"type":"if","locations":[{"start":{"line":328,"column":12},"end":{"line":339,"column":13}},{"start":{"line":329,"column":17},"end":{"line":339,"column":13}}],"line":328},"29":{"loc":{"start":{"line":329,"column":17},"end":{"line":339,"column":13}},"type":"if","locations":[{"start":{"line":329,"column":17},"end":{"line":339,"column":13}},{"start":{"line":330,"column":16},"end":{"line":339,"column":13}}],"line":329},"30":{"loc":{"start":{"line":350,"column":8},"end":{"line":353,"column":9}},"type":"if","locations":[{"start":{"line":350,"column":8},"end":{"line":353,"column":9}},{"start":{},"end":{}}],"line":350}},"s":{"0":1,"1":1,"2":0,"3":0,"4":0,"5":0,"6":0,"7":0,"8":0,"9":0,"10":0,"11":0,"12":0,"13":0,"14":0,"15":0,"16":0,"17":0,"18":0,"19":0,"20":0,"21":0,"22":0,"23":0,"24":0,"25":0,"26":0,"27":0,"28":0,"29":0,"30":0,"31":0,"32":0,"33":0,"34":0,"35":0,"36":0,"37":0,"38":0,"39":0,"40":0,"41":0,"42":0,"43":0,"44":0,"45":0,"46":0,"47":0,"48":0,"49":0,"50":0,"51":0,"52":0,"53":0,"54":0,"55":0,"56":0,"57":0,"58":0,"59":0,"60":0,"61":0,"62":0,"63":0,"64":0,"65":0,"66":0,"67":0,"68":0,"69":0,"70":0,"71":0,"72":0,"73":0,"74":0,"75":0,"76":0,"77":0,"78":0,"79":0,"80":0,"81":0,"82":0,"83":0,"84":0,"85":0,"86":0,"87":0,"88":0,"89":0,"90":0,"91":0,"92":0,"93":0,"94":0,"95":0,"96":0,"97":0,"98":0,"99":0,"100":0,"101":0,"102":0,"103":0,"104":0,"105":0,"106":0,"107":0,"108":0,"109":0,"110":0,"111":0,"112":0,"113":0,"114":0,"115":0,"116":0,"117":0,"118":0,"119":0,"120":0,"121":0,"122":0,"123":0,"124":0,"125":0,"126":0,"127":0,"128":0,"129":0,"130":0,"131":0,"132":0,"133":0,"134":0,"135":0,"136":0,"137":0,"138":0,"139":0,"140":0,"141":0,"142":0,"143":0,"144":0,"145":0,"146":0,"147":0,"148":0,"149":0,"150":0,"151":0,"152":0,"153":0,"154":0,"155":0,"156":0,"157":0,"158":0,"159":0,"160":0,"161":0,"162":0,"163":0,"164":0,"165":0,"166":0,"167":0,"168":0,"169":0,"170":0,"171":0,"172":0,"173":1},"f":{"0":0,"1":0,"2":0,"3":0,"4":0,"5":0,"6":0,"7":0,"8":0,"9":0,"10":0,"11":0,"12":0,"13":0,"14":0,"15":0,"16":0,"17":0,"18":0,"19":0,"20":0,"21":0,"22":0,"23":0,"24":0,"25":0,"26":0,"27":0,"28":0,"29":0,"30":0,"31":0,"32":0,"33":0,"34":0,"35":0,"36":0,"37":0,"38":0,"39":0,"40":0,"41":0,"42":0,"43":0,"44":0,"45":0,"46":0,"47":0,"48":0,"49":0,"50":0,"51":0,"52":0,"53":0,"54":0,"55":0,"56":0,"57":0,"58":0,"59":0,"60":0,"61":0,"62":0,"63":0,"64":0},"b":{"0":[0,0],"1":[0,0],"2":[0,0],"3":[0,0],"4":[0,0],"5":[0,0],"6":[0,0],"7":[0,0],"8":[0,0],"9":[0,0],"10":[0,0],"11":[0,0],"12":[0,0],"13":[0,0],"14":[0,0],"15":[0,0],"16":[0,0],"17":[0,0],"18":[0,0],"19":[0,0],"20":[0,0],"21":[0,0],"22":[0,0],"23":[0,0],"24":[0,0],"25":[0,0],"26":[0,0],"27":[0,0],"28":[0,0],"29":[0,0],"30":[0,0]},"_coverageSchema":"1a1c01bbd47fc00a2c39e90264f33305004495a9","hash":"2500691f29cea13023fb5222a1626f13a6c1d553"}
,"/home/guptayash/Documents/MTH-IITK/CS253A/academics-management-software/server/dao/coursePlannerDAO.js": {"path":"/home/guptayash/Documents/MTH-IITK/CS253A/academics-management-software/server/dao/coursePlannerDAO.js","statementMap":{"0":{"start":{"line":1,"column":43},"end":{"line":1,"column":77}},"1":{"start":{"line":2,"column":13},"end":{"line":2,"column":38}},"2":{"start":{"line":4,"column":25},"end":{"line":4,"column":48}},"3":{"start":{"line":5,"column":33},"end":{"line":5,"column":65}},"4":{"start":{"line":6,"column":32},"end":{"line":6,"column":83}},"5":{"start":{"line":6,"column":45},"end":{"line":6,"column":83}},"6":{"start":{"line":9,"column":4},"end":{"line":38,"column":7}},"7":{"start":{"line":10,"column":8},"end":{"line":36,"column":11}},"8":{"start":{"line":11,"column":12},"end":{"line":35,"column":15}},"9":{"start":{"line":11,"column":21},"end":{"line":11,"column":79}},"10":{"start":{"line":12,"column":17},"end":{"line":35,"column":15}},"11":{"start":{"line":12,"column":30},"end":{"line":12,"column":102}},"12":{"start":{"line":13,"column":17},"end":{"line":35,"column":15}},"13":{"start":{"line":14,"column":16},"end":{"line":34,"column":17}},"14":{"start":{"line":15,"column":20},"end":{"line":15,"column":78}},"15":{"start":{"line":17,"column":21},"end":{"line":34,"column":17}},"16":{"start":{"line":18,"column":20},"end":{"line":18,"column":86}},"17":{"start":{"line":20,"column":21},"end":{"line":34,"column":17}},"18":{"start":{"line":21,"column":20},"end":{"line":21,"column":96}},"19":{"start":{"line":24,"column":35},"end":{"line":24,"column":70}},"20":{"start":{"line":25,"column":49},"end":{"line":25,"column":113}},"21":{"start":{"line":25,"column":79},"end":{"line":25,"column":112}},"22":{"start":{"line":26,"column":20},"end":{"line":33,"column":21}},"23":{"start":{"line":27,"column":24},"end":{"line":27,"column":54}},"24":{"start":{"line":28,"column":24},"end":{"line":28,"column":36}},"25":{"start":{"line":29,"column":24},"end":{"line":29,"column":126}},"26":{"start":{"line":32,"column":24},"end":{"line":32,"column":126}},"27":{"start":{"line":42,"column":4},"end":{"line":62,"column":7}},"28":{"start":{"line":43,"column":8},"end":{"line":61,"column":11}},"29":{"start":{"line":44,"column":12},"end":{"line":47,"column":13}},"30":{"start":{"line":44,"column":21},"end":{"line":44,"column":79}},"31":{"start":{"line":45,"column":17},"end":{"line":47,"column":13}},"32":{"start":{"line":46,"column":16},"end":{"line":46,"column":82}},"33":{"start":{"line":48,"column":27},"end":{"line":48,"column":62}},"34":{"start":{"line":49,"column":12},"end":{"line":51,"column":13}},"35":{"start":{"line":50,"column":16},"end":{"line":50,"column":92}},"36":{"start":{"line":52,"column":30},"end":{"line":52,"column":92}},"37":{"start":{"line":52,"column":65},"end":{"line":52,"column":91}},"38":{"start":{"line":53,"column":12},"end":{"line":60,"column":13}},"39":{"start":{"line":54,"column":16},"end":{"line":54,"column":76}},"40":{"start":{"line":57,"column":16},"end":{"line":57,"column":56}},"41":{"start":{"line":58,"column":16},"end":{"line":58,"column":28}},"42":{"start":{"line":59,"column":16},"end":{"line":59,"column":88}},"43":{"start":{"line":66,"column":4},"end":{"line":83,"column":7}},"44":{"start":{"line":67,"column":8},"end":{"line":82,"column":11}},"45":{"start":{"line":68,"column":12},"end":{"line":81,"column":13}},"46":{"start":{"line":68,"column":21},"end":{"line":68,"column":79}},"47":{"start":{"line":69,"column":17},"end":{"line":81,"column":13}},"48":{"start":{"line":70,"column":16},"end":{"line":70,"column":82}},"49":{"start":{"line":72,"column":17},"end":{"line":81,"column":13}},"50":{"start":{"line":73,"column":16},"end":{"line":73,"column":92}},"51":{"start":{"line":76,"column":33},"end":{"line":76,"column":47}},"52":{"start":{"line":77,"column":16},"end":{"line":77,"column":32}},"53":{"start":{"line":78,"column":16},"end":{"line":78,"column":68}},"54":{"start":{"line":79,"column":16},"end":{"line":79,"column":28}},"55":{"start":{"line":80,"column":16},"end":{"line":80,"column":79}},"56":{"start":{"line":87,"column":4},"end":{"line":103,"column":7}},"57":{"start":{"line":88,"column":8},"end":{"line":102,"column":11}},"58":{"start":{"line":89,"column":12},"end":{"line":101,"column":13}},"59":{"start":{"line":90,"column":16},"end":{"line":90,"column":74}},"60":{"start":{"line":92,"column":17},"end":{"line":101,"column":13}},"61":{"start":{"line":93,"column":16},"end":{"line":93,"column":82}},"62":{"start":{"line":96,"column":33},"end":{"line":96,"column":47}},"63":{"start":{"line":97,"column":16},"end":{"line":97,"column":32}},"64":{"start":{"line":98,"column":16},"end":{"line":98,"column":52}},"65":{"start":{"line":99,"column":16},"end":{"line":99,"column":28}},"66":{"start":{"line":100,"column":16},"end":{"line":100,"column":86}},"67":{"start":{"line":107,"column":4},"end":{"line":122,"column":7}},"68":{"start":{"line":108,"column":8},"end":{"line":121,"column":11}},"69":{"start":{"line":109,"column":12},"end":{"line":120,"column":13}},"70":{"start":{"line":109,"column":21},"end":{"line":109,"column":79}},"71":{"start":{"line":110,"column":17},"end":{"line":120,"column":13}},"72":{"start":{"line":111,"column":16},"end":{"line":111,"column":82}},"73":{"start":{"line":113,"column":17},"end":{"line":120,"column":13}},"74":{"start":{"line":114,"column":16},"end":{"line":114,"column":92}},
[...]
,"end":{"line":72,"column":71}}],"line":72},"14":{"loc":{"start":{"line":89,"column":12},"end":{"line":101,"column":13}},"type":"if","locations":[{"start":{"line":89,"column":12},"end":{"line":101,"column":13}},{"start":{"line":92,"column":17},"end":{"line":101,"column":13}}],"line":89},"15":{"loc":{"start":{"line":92,"column":17},"end":{"line":101,"column":13}},"type":"if","locations":[{"start":{"line":92,"column":17},"end":{"line":101,"column":13}},{"start":{"line":95,"column":17},"end":{"line":101,"column":13}}],"line":92},"16":{"loc":{"start":{"line":109,"column":12},"end":{"line":120,"column":13}},"type":"if","locations":[{"start":{"line":109,"column":12},"end":{"line":120,"column":13}},{"start":{"line":110,"column":17},"end":{"line":120,"column":13}}],"line":109},"17":{"loc":{"start":{"line":110,"column":17},"end":{"line":120,"column":13}},"type":"if","locations":[{"start":{"line":110,"column":17},"end":{"line":120,"column":13}},{"start":{"line":113,"column":17},"end":{"line":120,"column":13}}],"line":110},"18":{"loc":{"start":{"line":113,"column":17},"end":{"line":120,"column":13}},"type":"if","locations":[{"start":{"line":113,"column":17},"end":{"line":120,"column":13}},{"start":{"line":116,"column":17},"end":{"line":120,"column":13}}],"line":113},"19":{"loc":{"start":{"line":128,"column":12},"end":{"line":139,"column":13}},"type":"if","locations":[{"start":{"line":128,"column":12},"end":{"line":139,"column":13}},{"start":{"line":129,"column":17},"end":{"line":139,"column":13}}],"line":128},"20":{"loc":{"start":{"line":129,"column":17},"end":{"line":139,"column":13}},"type":"if","locations":[{"start":{"line":129,"column":17},"end":{"line":139,"column":13}},{"start":{"line":132,"column":17},"end":{"line":139,"column":13}}],"line":129},"21":{"loc":{"start":{"line":147,"column":12},"end":{"line":160,"column":13}},"type":"if","locations":[{"start":{"line":147,"column":12},"end":{"line":160,"column":13}},{"start":{"line":148,"column":17},"end":{"line":160,"column":13}}],"line":147},"22":{"loc":{"start":{"line":148,"column":17},"end":{"line":160,"column":13}},"type":"if","locations":[{"start":{"line":148,"column":17},"end":{"line":160,"column":13}},{"start":{"line":151,"column":17},"end":{"line":160,"column":13}}],"line":148},"23":{"loc":{"start":{"line":151,"column":17},"end":{"line":160,"column":13}},"type":"if","locations":[{"start":{"line":151,"column":17},"end":{"line":160,"column":13}},{"start":{"line":154,"column":17},"end":{"line":160,"column":13}}],"line":151},"24":{"loc":{"start":{"line":168,"column":12},"end":{"line":171,"column":13}},"type":"if","locations":[{"start":{"line":168,"column":12},"end":{"line":171,"column":13}},{"start":{"line":169,"column":17},"end":{"line":171,"column":13}}],"line":168},"25":{"loc":{"start":{"line":169,"column":17},"end":{"line":171,"column":13}},"type":"if","locations":[{"start":{"line":169,"column":17},"end":{"line":171,"column":13}},{"start":{},"end":{}}],"line":169},"26":{"loc":{"start":{"line":173,"column":12},"end":{"line":175,"column":13}},"type":"if","locations":[{"start":{"line":173,"column":12},"end":{"line":175,"column":13}},{"start":{},"end":{}}],"line":173},"27":{"loc":{"start":{"line":177,"column":12},"end":{"line":179,"column":13}},"type":"if","locations":[{"start":{"line":177,"column":12},"end":{"line":179,"column":13}},{"start":{},"end":{}}],"line":177}},"s":{"0":1,"1":1,"2":1,"3":1,"4":1,"5":0,"6":0,"7":0,"8":0,"9":0,"10":0,"11":0,"12":0,"13":0,"14":0,"15":0,"16":0,"17":0,"18":0,"19":0,"20":0,"21":0,"22":0,"23":0,"24":0,"25":0,"26":0,"27":0,"28":0,"29":0,"30":0,"31":0,"32":0,"33":0,"34":0,"35":0,"36":0,"37":0,"38":0,"39":0,"40":0,"41":0,"42":0,"43":0,"44":0,"45":0,"46":0,"47":0,"48":0,"49":0,"50":0,"51":0,"52":0,"53":0,"54":0,"55":0,"56":0,"57":0,"58":0,"59":0,"60":0,"61":0,"62":0,"63":0,"64":0,"65":0,"66":0,"67":0,"68":0,"69":0,"70":0,"71":0,"72":0,"73":0,"74":0,"75":0,"76":0,"77":0,"78":0,"79":0,"80":0,"81":0,"82":0,"83":0,"84":0,"85":0,"86":0,"87":0,"88":0,"89":0,"90":0,"91":0,"92":0,"93":0,"94":0,"95":0,"96":0,"97":0,"98":0,"99":0,"100":0,"101":0,"102":0,"103":0,"104":0,"105":0,"106":0,"107":0,"108":0,"109":1},"f":{"0":0,"1":0,"2":0,"3":0,"4":0,"5":0,"6":0,"7":0,"8":0,"9":0,"10":0,"11":0,"12":0,"13":0,"14":0,"15":0,"16":0,"17":0,"18":0,"19":0,"20":0,"21":0,"22":0,"23":0,"24":0,"25":0,"26":0,"27":0,"28":0},"b":{"0":[0,0],"1":[0,0],"2":[0,0],"3":[0,0],"4":[0,0],"5":[0,0],"6":[0,0],"7":[0,0],"8":[0,0],"9":[0,0],"10":[0,0],"11":[0,0],"12":[0,0],"13":[0,0],"14":[0,0],"15":[0,0],"16":[0,0],"17":[0,0],"18":[0,0],"19":[0,0],"20":[0,0],"21":[0,0],"22":[0,0],"23":[0,0],"24":[0,0],"25":[0,0],"26":[0,0],"27":[0,0]},"_coverageSchema":"1a1c01bbd47fc00a2c39e90264f33305004495a9","hash":"b7dc580ef341b4b03411069a0cb9f3d02ff1d996"}
,"/home/guptayash/Documents/MTH-IITK/CS253A/academics-management-software/server/dao/database.js": {"path":"/home/guptayash/Documents/MTH-IITK/CS253A/academics-management-software/server/dao/database.js","statementMap":{"0":{"start":{"line":1,"column":17},"end":{"line":1,"column":36}},"1":{"start":{"line":5,"column":8},"end":{"line":6,"column":44}},"2":{"start":{"line":6,"column":12},"end":{"line":6,"column":44}},"3":{"start":{"line":9,"column":8},"end":{"line":9,"column":50}},"4":{"start":{"line":10,"column":8},"end":{"line":10,"column":38}},"5":{"start":{"line":12,"column":8},"end":{"line":12,"column":78}},"6":{"start":{"line":16,"column":0},"end":{"line":16,"column":22}},"7":{"start":{"line":18,"column":0},"end":{"line":18,"column":30}}},"fnMap":{"0":{"name":"(anonymous_0)","decl":{"start":{"line":4,"column":4},"end":{"line":4,"column":5}},"loc":{"start":{"line":4,"column":18},"end":{"line":13,"column":5}},"line":4}},"branchMap":{"0":{"loc":{"start":{"line":5,"column":8},"end":{"line":6,"column":44}},"type":"if","locations":[{"start":{"line":5,"column":8},"end":{"line":6,"column":44}},{"start":{},"end":{}}],"line":5}},"s":{"0":1,"1":1,"2":0,"3":1,"4":1,"5":1,"6":1,"7":1},"f":{"0":1},"b":{"0":[0,1]},"_coverageSchema":"1a1c01bbd47fc00a2c39e90264f33305004495a9","hash":"2734734e5052ddd329a1884c7a8b39b59eeb7d01"}
,"/home/guptayash/Documents/MTH-IITK/CS253A/academics-management-software/server/dao/userDAO.js": {"path":"/home/guptayash/Documents/MTH-IITK/CS253A/academics-management-software/server/dao/userDAO.js","statementMap":{"0":{"start":{"line":1,"column":19},"end":{"line":1,"column":45}},"1":{"start":{"line":2,"column":13},"end":{"line":2,"column":38}},"2":{"start":{"line":3,"column":23},"end":{"line":3,"column":57}},"3":{"start":{"line":6,"column":4},"end":{"line":13,"column":7}},"4":{"start":{"line":7,"column":8},"end":{"line":11,"column":11}},"5":{"start":{"line":8,"column":12},"end":{"line":10,"column":79}},"6":{"start":{"line":8,"column":21},"end":{"line":8,"column":58}},"7":{"start":{"line":9,"column":17},"end":{"line":10,"column":79}},"8":{"start":{"line":9,"column":30},"end":{"line":9,"column":82}},"9":{"start":{"line":10,"column":17},"end":{"line":10,"column":79}},"10":{"start":{"line":18,"column":4},"end":{"line":44,"column":7}},"11":{"start":{"line":19,"column":21},"end":{"line":25,"column":10}},"12":{"start":{"line":27,"column":8},"end":{"line":43,"column":15}},"13":{"start":{"line":29,"column":16},"end":{"line":29,"column":72}},"14":{"start":{"line":32,"column":16},"end":{"line":42,"column":79}},"15":{"start":{"line":33,"column":20},"end":{"line":40,"column":23}},"16":{"start":{"line":34,"column":24},"end":{"line":39,"column":25}},"17":{"start":{"line":35,"column":28},"end":{"line":35,"column":86}},"18":{"start":{"line":38,"column":28},"end":{"line":38,"column":94}},"19":{"start":{"line":42,"column":21},"end":{"line":42,"column":79}},"20":{"start":{"line":47,"column":0},"end":{"line":47,"column":39}}},"fnMap":{"0":{"name":"findUser","decl":{"start":{"line":5,"column":9},"end":{"line":5,"column":17}},"loc":{"start":{"line":5,"column":28},"end":{"line":14,"column":1}},"line":5},"1":{"name":"(anonymous_1)","decl":{"start":{"line":6,"column":23},"end":{"line":6,"column":24}},"loc":{"start":{"line":6,"column":44},"end":{"line":13,"column":5}},"line":6},"2":{"name":"(anonymous_2)","decl":{"start":{"line":7,"column":45},"end":{"line":7,"column":46}},"loc":{"start":{"line":7,"column":62},"end":{"line":11,"column":9}},"line":7},"3":{"name":"addUser","decl":{"start":{"line":17,"column":9},"end":{"line":17,"column":16}},"loc":{"start":{"line":17,"column":67},"end":{"line":45,"column":1}},"line":17},"4":{"name":"(anonymous_4)","decl":{"start":{"line":18,"column":24},"end":{"line":18,"column":25}},"loc":{"start":{"line":18,"column":45},"end":{"line":44,"column":5}},"line":18},"5":{"name":"(anonymous_5)","decl":{"start":{"line":28,"column":18},"end":{"line":28,"column":19}},"loc":{"start":{"line":28,"column":28},"end":{"line":30,"column":13}},"line":28},"6":{"name":"(anonymous_6)","decl":{"start":{"line":31,"column":19},"end":{"line":31,"column":20}},"loc":{"start":{"line":31,"column":28},"end":{"line":43,"column":13}},"line":31},"7":{"name":"(anonymous_7)","decl":{"start":{"line":33,"column":30},"end":{"line":33,"column":31}},"loc":{"start":{"line":33,"column":37},"end":{"line":40,"column":21}},"line":33}},"branchMap":{"0":{"loc":{"start":{"line":8,"column":12},"end":{"line":10,"column":79}},"type":"if","locations":[{"start":{"line":8,"column":12},"end":{"line":10,"column":79}},{"start":{"line":9,"column":17},"end":{"line":10,"column":79}}],"line":8},"1":{"loc":{"start":{"line":9,"column":17},"end":{"line":10,"column":79}},"type":"if","locations":[{"start":{"line":9,"column":17},"end":{"line":10,"column":79}},{"start":{"line":10,"column":17},"end":{"line":10,"column":79}}],"line":9},"2":{"loc":{"start":{"line":32,"column":16},"end":{"line":42,"column":79}},"type":"if","locations":[{"start":{"line":32,"column":16},"end":{"line":42,"column":79}},{"start":{"line":42,"column":21},"end":{"line":42,"column":79}}],"line":32},"3":{"loc":{"start":{"line":34,"column":24},"end":{"line":39,"column":25}},"type":"if","locations":[{"start":{"line":34,"column":24},"end":{"line":39,"column":25}},{"start":{"line":37,"column":29},"end":{"line":39,"column":25}}],"line":34}},"s":{"0":1,"1":1,"2":1,"3":2,"4":2,"5":2,"6":0,"7":2,"8":1,"9":1,"10":1,"11":1,"12":1,"13":0,"14":1,"15":1,"16":1,"17":0,"18":1,"19":0,"20":1},"f":{"0":2,"1":2,"2":2,"3":1,"4":1,"5":0,"6":1,"7":1},"b":{"0":[0,2],"1":[1,1],"2":[1,0],"3":[0,1]},"_coverageSchema":"1a1c01bbd47fc00a2c39e90264f33305004495a9","hash":"06e8306b7e680b9fc3af302770734be1c3351027"}
,"/home/guptayash/Documents/MTH-IITK/CS253A/academics-management-software/server/models/course.js": {"path":"/home/guptayash/Documents/MTH-IITK/CS253A/academics-management-software/server/models/course.js","statementMap":{"0":{"start":{"line":1,"column":17},"end":{"line":1,"column":36}},"1":{"start":{"line":3,"column":22},"end":{"line":14,"column":2}},"2":{"start":{"line":16,"column":21},"end":{"line":31,"column":2}},"3":{"start":{"line":33,"column":20},"end":{"line":37,"column":2}},"4":{"start":{"line":39,"column":21},"end":{"line":79,"column":2}},"5":{"start":{"line":81,"column":14},"end":{"line":81,"column":54}},"6":{"start":{"line":82,"column":13},"end":{"line":82,"column":51}},"7":{"start":{"line":83,"column":13},"end":{"line":83,"column":51}},"8":{"start":{"line":85,"column":0},"end":{"line":85,"column":43}}},"fnMap":{},"branchMap":{},"s":{"0":1,"1":1,"2":1,"3":1,"4":1,"5":1,"6":1,"7":1,"8":1},"f":{},"b":{},"_coverageSchema":"1a1c01bbd47fc00a2c39e90264f33305004495a9","hash":"50c4bdbd39b9f291e3ec9213825132caad4a8cdb"}
,"/home/guptayash/Documents/MTH-IITK/CS253A/academics-management-software/server/models/coursePlanner.js": {"path":"/home/guptayash/Documents/MTH-IITK/CS253A/academics-management-software/server/models/coursePlanner.js","statementMap":{"0":{"start":{"line":1,"column":17},"end":{"line":1,"column":36}},"1":{"start":{"line":3,"column":23},"end":{"line":11,"column":1}},"2":{"start":{"line":13,"column":18},"end":{"line":23,"column":1}},"3":{"start":{"line":25,"column":25},"end":{"line":35,"column":1}},"4":{"start":{"line":37,"column":15},"end":{"line":37,"column":57}},"5":{"start":{"line":38,"column":15},"end":{"line":38,"column":52}},"6":{"start":{"line":39,"column":17},"end":{"line":39,"column":63}},"7":{"start":{"line":41,"column":0},"end":{"line":46,"column":2}}},"fnMap":{},"branchMap":{},"s":{"0":1,"1":1,"2":1,"3":1,"4":1,"5":1,"6":1,"7":1},"f":{},"b":{},"_coverageSchema":"1a1c01bbd47fc00a2c39e90264f33305004495a9","hash":"09f2c38256be964a900624722b0af6380a1547db"}
,"/home/guptayash/Documents/MTH-IITK/CS253A/academics-management-software/server/models/note.js": {"path":"/home/guptayash/Documents/MTH-IITK/CS253A/academics-management-software/server/models/note.js","statementMap":{"0":{"start":{"line":2,"column":17},"end":{"line":2,"column":36}},"1":{"start":{"line":4,"column":18},"end":{"line":20,"column":2}},"2":{"start":{"line":22,"column":11},"end":{"line":22,"column":46}},"3":{"start":{"line":24,"column":0},"end":{"line":24,"column":22}}},"fnMap":{},"branchMap":{},"s":{"0":1,"1":1,"2":1,"3":1},"f":{},"b":{},"_coverageSchema":"1a1c01bbd47fc00a2c39e90264f33305004495a9","hash":"aaa47782e23682ac85801d63b096ff7edfe06397"}
,"/home/guptayash/Documents/MTH-IITK/CS253A/academics-management-software/server/models/user.js": {"path":"/home/guptayash/Documents/MTH-IITK/CS253A/academics-management-software/server/models/user.js","statementMap":{"0":{"start":{"line":1,"column":17},"end":{"line":1,"column":36}},"1":{"start":{"line":2,"column":29},"end":{"line":2,"column":55}},"2":{"start":{"line":4,"column":17},"end":{"line":30,"column":1}},"3":{"start":{"line":32,"column":11},"end":{"line":32,"column":45}},"4":{"start":{"line":33,"column":0},"end":{"line":33,"column":22}}},"fnMap":{},"branchMap":{},"s":{"0":1,"1":1,"2":1,"3":1,"4":1},"f":{},"b":{},"_coverageSchema":"1a1c01bbd47fc00a2c39e90264f33305004495a9","hash":"ff679a7a3b590c3550972b9c7b477bb97f6fcf80"}
,"/home/guptayash/Documents/MTH-IITK/CS253A/academics-management-software/server/routers/coursePlannerRouter.js": {"path":"/home/guptayash/Documents/MTH-IITK/CS253A/academics-management-software/server/routers/coursePlannerRouter.js","statementMap":{"0":{"start":{"line":1,"column":16},"end":{"line":1,"column":34}},"1":{"start":{"line":3,"column":26},"end":{"line":3,"column":52}},"2":{"start":{"line":13,"column":4},"end":{"line":13,"column":45}},"3":{"start":{"line":15,"column":15},"end":{"line":15,"column":31}},"4":{"start":{"line":17,"column":0},"end":{"line":17,"column":62}},"5":{"start":{"line":18,"column":0},"end":{"line":18,"column":66}},"6":{"start":{"line":19,"column":0},"end":{"line":19,"column":81}},"7":{"start":{"line":21,"column":0},"end":{"line":21,"column":61}},"8":{"start":{"line":22,"column":0},"end":{"line":22,"column":67}},"9":{"start":{"line":23,"column":0},"end":{"line":23,"column":82}},"10":{"start":{"line":25,"column":0},"end":{"line":25,"column":72}},"11":{"start":{"line":26,"column":0},"end":{"line":26,"column":87}},"12":{"start":{"line":28,"column":0},"end":{"line":28,"column":24}}},"fnMap":{},"branchMap":{},"s":{"0":1,"1":1,"2":1,"3":1,"4":1,"5":1,"6":1,"7":1,"8":1,"9":1,"10":1,"11":1,"12":1},"f":{},"b":{},"_coverageSchema":"1a1c01bbd47fc00a2c39e90264f33305004495a9","hash":"e3574131e3e0ebbfc5153d96173244c4b0b4099b"}
,"/home/guptayash/Documents/MTH-IITK/CS253A/academics-management-software/server/routers/courseRouter.js": {"path":"/home/guptayash/Documents/MTH-IITK/CS253A/academics-management-software/server/routers/courseRouter.js","statementMap":{"0":{"start":{"line":1,"column":0},"end":{"line":1,"column":29}},"1":{"start":{"line":3,"column":27},"end":{"line":3,"column":58}},"2":{"start":{"line":4,"column":24},"end":{"line":4,"column":50}},"3":{"start":{"line":5,"column":177},"end":{"line":5,"column":214}},"4":{"start":{"line":7,"column":0},"end":{"line":7,"column":26}},"5":{"start":{"line":11,"column":20},"end":{"line":11,"column":50}},"6":{"start":{"line":12,"column":0},"end":{"line":19,"column":2}},"7":{"start":{"line":13,"column":17},"end":{"line":13,"column":25}},"8":{"start":{"line":14,"column":4},"end":{"line":16,"column":5}},"9":{"start":{"line":15,"column":8},"end":{"line":15,"column":34}},"10":{"start":{"line":18,"column":4},"end":{"line":18,"column":40}},"11":{"start":{"line":23,"column":0},"end":{"line":23,"column":95}},"12":{"start":{"line":25,"column":0},"end":{"line":25,"column":83}},"13":{"start":{"line":27,"column":0},"end":{"line":27,"column":92}},"14":{"start":{"line":29,"column":0},"end":{"line":29,"column":96}},"15":{"start":{"line":31,"column":0},"end":{"line":31,"column":84}},"16":{"start":{"line":33,"column":0},"end":{"line":33,"column":72}},"17":{"start":{"line":35,"column":0},"end":{"line":35,"column":75}},"18":{"start":{"line":37,"column":0},"end":{"line":37,"column":67}},"19":{"start":{"line":39,"column":0},"end":{"line":39,"column":70}},"20":{"start":{"line":41,"column":0},"end":{"line":41,"column":24}}},"fnMap":{"0":{"name":"(anonymous_0)","decl":{"start":{"line":12,"column":20},"end":{"line":12,"column":21}},"loc":{"start":{"line":12,"column":34},"end":{"line":19,"column":1}},"line":12}},"branchMap":{},"s":{"0":1,"1":1,"2":1,"3":1,"4":1,"5":1,"6":1,"7":0,"8":0,"9":0,"10":0,"11":1,"12":1,"13":1,"14":1,"15":1,"16":1,"17":1,"18":1,"19":1,"20":1},"f":{"0":0},"b":{},"_coverageSchema":"1a1c01bbd47fc00a2c39e90264f33305004495a9","hash":"f1eb71ddd0cbb78f1f090e9d8401866eee808b86"}
,"/home/guptayash/Documents/MTH-IITK/CS253A/academics-management-software/server/routers/credRouter.js": {"path":"/home/guptayash/Documents/MTH-IITK/CS253A/academics-management-software/server/routers/credRouter.js","statementMap":{"0":{"start":{"line":1,"column":16},"end":{"line":1,"column":34}},"1":{"start":{"line":3,"column":21},"end":{"line":3,"column":48}},"2":{"start":{"line":4,"column":35},"end":{"line":4,"column":61}},"3":{"start":{"line":6,"column":13},"end":{"line":6,"column":29}},"4":{"start":{"line":8,"column":0},"end":{"line":8,"column":37}},"5":{"start":{"line":10,"column":0},"end":{"line":10,"column":33}},"6":{"start":{"line":12,"column":0},"end":{"line":17,"column":3}},"7":{"start":{"line":13,"column":4},"end":{"line":16,"column":53}},"8":{"start":{"line":19,"column":0},"end":{"line":21,"column":2}},"9":{"start":{"line":20,"column":4},"end":{"line":20,"column":60}},"10":{"start":{"line":23,"column":0},"end":{"line":23,"column":24}}},"fnMap":{"0":{"name":"(anonymous_0)","decl":{"start":{"line":12,"column":40},"end":{"line":12,"column":41}},"loc":{"start":{"line":12,"column":54},"end":{"line":17,"column":1}},"line":12},"1":{"name":"(anonymous_1)","decl":{"start":{"line":19,"column":38},"end":{"line":19,"column":39}},"loc":{"start":{"line":19,"column":52},"end":{"line":21,"column":1}},"line":19}},"branchMap":{},"s":{"0":1,"1":1,"2":1,"3":1,"4":1,"5":1,"6":1,"7":0,"8":1,"9":0,"10":1},"f":{"0":0,"1":0},"b":{},"_coverageSchema":"1a1c01bbd47fc00a2c39e90264f33305004495a9","hash":"11ea99714febdce5672a82551a4ef25a1a8f343a"}
,"/home/guptayash/Documents/MTH-IITK/CS253A/academics-management-software/server/routers/notesRouter.js": {"path":"/home/guptayash/Documents/MTH-IITK/CS253A/academics-management-software/server/routers/notesRouter.js","statementMap":{"0":{"start":{"line":1,"column":16},"end":{"line":1,"column":34}},"1":{"start":{"line":4,"column":54},"end":{"line":4,"column":89}},"2":{"start":{"line":5,"column":24},"end":{"line":5,"column":50}},"3":{"start":{"line":6,"column":29},"end":{"line":6,"column":60}},"4":{"start":{"line":8,"column":13},"end":{"line":8,"column":29}},"5":{"start":{"line":10,"column":0},"end":{"line":10,"column":85}},"6":{"start":{"line":12,"column":0},"end":{"line":12,"column":67}},"7":{"start":{"line":14,"column":0},"end":{"line":14,"column":66}},"8":{"start":{"line":18,"column":0},"end":{"line":18,"column":24}}},"fnMap":{},"branchMap":{},"s":{"0":1,"1":1,"2":1,"3":1,"4":1,"5":1,"6":1,"7":1,"8":1},"f":{},"b":{},"_coverageSchema":"1a1c01bbd47fc00a2c39e90264f33305004495a9","hash":"e93951517149b959ac73ea808a9d8d18555282e5"}
}
