TN:
SF:server/index.js
FN:25,(anonymous_0)
FN:37,(anonymous_1)
FNF:2
FNH:1
FNDA:0,(anonymous_0)
FNDA:1,(anonymous_1)
DA:1,1
DA:2,1
DA:3,1
DA:4,1
DA:6,1
DA:8,1
DA:10,1
DA:11,1
DA:12,1
DA:13,1
DA:14,1
DA:16,1
DA:19,1
DA:22,1
DA:23,1
DA:25,1
DA:26,0
DA:29,1
DA:30,1
DA:31,1
DA:32,1
DA:34,1
DA:37,1
DA:38,1
DA:41,1
LF:25
LH:24
BRDA:6,0,0,1
BRDA:6,0,1,0
BRDA:34,1,0,1
BRDA:34,1,1,0
BRF:4
BRH:2
end_of_record
TN:
SF:server/api/courseController.js
FN:3,apiAddReview
FN:10,(anonymous_1)
FN:13,(anonymous_2)
FN:18,apiGetCourseDetails
FN:22,(anonymous_4)
FN:25,(anonymous_5)
FN:30,apiGetReviewDetails
FN:34,(anonymous_7)
FN:37,(anonymous_8)
FN:42,apiGetReviews
FN:46,(anonymous_10)
FN:49,(anonymous_11)
FN:54,apiAddToFavourites
FN:59,(anonymous_13)
FN:62,(anonymous_14)
FN:67,apiGetFavoriteCourses
FN:73,(anonymous_16)
FN:76,(anonymous_17)
FN:81,apiAddCommentToReview
FN:87,(anonymous_19)
FN:90,(anonymous_20)
FN:95,apiLikeReview
FN:99,(anonymous_22)
FN:102,(anonymous_23)
FN:107,apiLikeComment
FN:111,(anonymous_25)
FN:114,(anonymous_26)
FNF:27
FNH:0
FNDA:0,apiAddReview
FNDA:0,(anonymous_1)
FNDA:0,(anonymous_2)
FNDA:0,apiGetCourseDetails
FNDA:0,(anonymous_4)
FNDA:0,(anonymous_5)
FNDA:0,apiGetReviewDetails
FNDA:0,(anonymous_7)
FNDA:0,(anonymous_8)
FNDA:0,apiGetReviews
FNDA:0,(anonymous_10)
FNDA:0,(anonymous_11)
FNDA:0,apiAddToFavourites
FNDA:0,(anonymous_13)
FNDA:0,(anonymous_14)
FNDA:0,apiGetFavoriteCourses
FNDA:0,(anonymous_16)
FNDA:0,(anonymous_17)
FNDA:0,apiAddCommentToReview
FNDA:0,(anonymous_19)
FNDA:0,(anonymous_20)
FNDA:0,apiLikeReview
FNDA:0,(anonymous_22)
FNDA:0,(anonymous_23)
FNDA:0,apiLikeComment
FNDA:0,(anonymous_25)
FNDA:0,(anonymous_26)
DA:1,1
DA:4,0
DA:5,0
DA:6,0
DA:7,0
DA:9,0
DA:11,0
DA:14,0
DA:19,0
DA:21,0
DA:23,0
DA:26,0
DA:31,0
DA:33,0
DA:35,0
DA:38,0
DA:43,0
DA:45,0
DA:47,0
DA:50,0
DA:55,0
DA:56,0
DA:58,0
DA:60,0
DA:63,0
DA:68,0
DA:70,0
DA:72,0
DA:74,0
DA:77,0
DA:82,0
DA:83,0
DA:84,0
DA:86,0
DA:88,0
DA:91,0
DA:96,0
DA:98,0
DA:100,0
DA:103,0
DA:108,0
DA:110,0
DA:112,0
DA:115,0
DA:119,1
LF:45
LH:2
BRDA:6,0,0,0
BRDA:6,0,1,0
BRF:2
BRH:0
end_of_record
TN:
SF:server/api/coursePlannerController.js
FN:12,apiAddCourse
FN:17,(anonymous_1)
FN:20,(anonymous_2)
FN:25,apiDeleteCourse
FN:30,(anonymous_4)
FN:33,(anonymous_5)
FN:38,apiAddSemester
FN:43,(anonymous_7)
FN:46,(anonymous_8)
FN:51,apiAddSemesterAtEnd
FN:55,(anonymous_10)
FN:58,(anonymous_11)
FN:63,apiDeleteSemester
FN:68,(anonymous_13)
FN:71,(anonymous_14)
FN:76,apiGetNumberOfSemesters
FN:80,(anonymous_16)
FN:86,(anonymous_17)
FN:91,apiGetSemester
FN:96,(anonymous_19)
FN:102,(anonymous_20)
FN:107,apiGetCourse
FN:112,(anonymous_22)
FN:118,(anonymous_23)
FNF:24
FNH:0
FNDA:0,apiAddCourse
FNDA:0,(anonymous_1)
FNDA:0,(anonymous_2)
FNDA:0,apiDeleteCourse
FNDA:0,(anonymous_4)
FNDA:0,(anonymous_5)
FNDA:0,apiAddSemester
FNDA:0,(anonymous_7)
FNDA:0,(anonymous_8)
FNDA:0,apiAddSemesterAtEnd
FNDA:0,(anonymous_10)
FNDA:0,(anonymous_11)
FNDA:0,apiDeleteSemester
FNDA:0,(anonymous_13)
FNDA:0,(anonymous_14)
FNDA:0,apiGetNumberOfSemesters
FNDA:0,(anonymous_16)
FNDA:0,(anonymous_17)
FNDA:0,apiGetSemester
FNDA:0,(anonymous_19)
FNDA:0,(anonymous_20)
FNDA:0,apiGetCourse
FNDA:0,(anonymous_22)
FNDA:0,(anonymous_23)
DA:10,1
DA:13,0
DA:14,0
DA:16,0
DA:18,0
DA:21,0
DA:26,0
DA:27,0
DA:29,0
DA:31,0
DA:34,0
DA:39,0
DA:40,0
DA:42,0
DA:44,0
DA:47,0
DA:52,0
DA:54,0
DA:56,0
DA:59,0
DA:64,0
DA:65,0
DA:67,0
DA:69,0
DA:72,0
DA:77,0
DA:79,0
DA:81,0
DA:87,0
DA:92,0
DA:93,0
DA:95,0
DA:97,0
DA:103,0
DA:108,0
DA:109,0
DA:111,0
DA:113,0
DA:119,0
DA:123,1
LF:40
LH:2
BRF:0
BRH:0
end_of_record
TN:
SF:server/api/login.js
FN:5,loginUser
FN:10,(anonymous_1)
FN:39,(anonymous_2)
FN:53,(anonymous_3)
FNF:4
FNH:2
FNDA:1,loginUser
FNDA:1,(anonymous_1)
FNDA:0,(anonymous_2)
FNDA:0,(anonymous_3)
DA:1,1
DA:2,1
DA:3,1
DA:6,1
DA:7,1
DA:9,1
DA:11,1
DA:25,1
DA:27,1
DA:29,1
DA:31,1
DA:41,0
DA:42,0
DA:43,0
DA:47,0
DA:48,0
DA:53,1
DA:54,0
DA:56,0
DA:58,0
DA:59,0
DA:60,0
DA:61,0
DA:62,0
DA:65,0
DA:69,1
LF:26
LH:13
BRDA:27,0,0,0
BRDA:27,0,1,1
BRDA:41,1,0,0
BRDA:41,1,1,0
BRDA:56,2,0,0
BRDA:56,2,1,0
BRF:6
BRH:1
end_of_record
TN:
SF:server/api/noteController.js
FN:3,apiCreateNote
FN:15,(anonymous_1)
FN:18,(anonymous_2)
FN:24,apiDeleteNote
FN:26,(anonymous_4)
FN:29,(anonymous_5)
FN:34,apiUpdateNote
FN:46,(anonymous_7)
FN:49,(anonymous_8)
FN:55,apiFetchNotes
FN:64,(anonymous_10)
FN:68,(anonymous_11)
FNF:12
FNH:0
FNDA:0,apiCreateNote
FNDA:0,(anonymous_1)
FNDA:0,(anonymous_2)
FNDA:0,apiDeleteNote
FNDA:0,(anonymous_4)
FNDA:0,(anonymous_5)
FNDA:0,apiUpdateNote
FNDA:0,(anonymous_7)
FNDA:0,(anonymous_8)
FNDA:0,apiFetchNotes
FNDA:0,(anonymous_10)
FNDA:0,(anonymous_11)
DA:1,1
DA:5,0
DA:6,0
DA:7,0
DA:8,0
DA:9,0
DA:11,0
DA:12,0
DA:14,0
DA:16,0
DA:19,0
DA:25,0
DA:27,0
DA:30,0
DA:36,0
DA:37,0
DA:38,0
DA:39,0
DA:40,0
DA:42,0
DA:43,0
DA:45,0
DA:47,0
DA:50,0
DA:56,0
DA:57,0
DA:59,0
DA:60,0
DA:63,0
DA:66,0
DA:69,0
DA:70,0
DA:71,0
DA:76,1
LF:34
LH:2
BRDA:11,0,0,0
BRDA:11,0,1,0
BRDA:42,1,0,0
BRDA:42,1,1,0
BRDA:42,2,0,0
BRDA:42,2,1,0
BRDA:59,3,0,0
BRDA:59,3,1,0
BRF:8
BRH:0
end_of_record
TN:
SF:server/api/signup.js
FN:4,registerUser
FN:23,(anonymous_1)
FN:26,(anonymous_2)
FNF:3
FNH:2
FNDA:1,registerUser
FNDA:1,(anonymous_1)
FNDA:0,(anonymous_2)
DA:1,1
DA:2,1
DA:5,1
DA:6,1
DA:7,1
DA:8,1
DA:9,1
DA:11,1
DA:12,1
DA:20,1
DA:22,1
DA:24,1
DA:27,0
DA:31,1
LF:14
LH:13
BRDA:11,0,0,0
BRDA:11,0,1,1
BRDA:11,1,0,1
BRDA:11,1,1,1
BRDA:11,1,2,1
BRDA:11,1,3,1
BRDA:11,1,4,1
BRDA:12,2,0,0
BRDA:12,2,1,1
BRF:9
BRH:7
end_of_record
TN:
SF:server/api/validation.js
FN:4,(anonymous_0)
FNF:1
FNH:0
FNDA:0,(anonymous_0)
DA:4,1
DA:5,0
DA:8,1
LF:3
LH:2
BRF:0
BRH:0
end_of_record
TN:
SF:server/dao/NotesDAO.js
FN:3,insertNote
FN:4,(anonymous_1)
FN:12,(anonymous_2)
FN:31,deleteNote
FN:32,(anonymous_4)
FN:36,(anonymous_5)
FN:121,updateNote
FN:122,(anonymous_7)
FN:126,(anonymous_8)
FN:157,(anonymous_9)
FNF:10
FNH:0
FNDA:0,insertNote
FNDA:0,(anonymous_1)
FNDA:0,(anonymous_2)
FNDA:0,deleteNote
FNDA:0,(anonymous_4)
FNDA:0,(anonymous_5)
FNDA:0,updateNote
FNDA:0,(anonymous_7)
FNDA:0,(anonymous_8)
FNDA:0,(anonymous_9)
DA:1,1
DA:4,0
DA:5,0
DA:12,0
DA:13,0
DA:14,0
DA:20,0
DA:21,0
DA:32,0
DA:33,0
DA:37,0
DA:38,0
DA:43,0
DA:44,0
DA:50,0
DA:122,0
DA:123,0
DA:127,0
DA:128,0
DA:132,0
DA:134,0
DA:135,0
DA:139,0
DA:141,0
DA:142,0
DA:146,0
DA:149,0
DA:158,0
DA:159,0
DA:163,0
DA:165,0
DA:166,0
DA:170,0
DA:173,0
DA:187,1
LF:35
LH:2
BRDA:13,0,0,0
BRDA:13,0,1,0
BRDA:37,1,0,0
BRDA:37,1,1,0
BRDA:43,2,0,0
BRDA:43,2,1,0
BRDA:127,3,0,0
BRDA:127,3,1,0
BRDA:134,4,0,0
BRDA:134,4,1,0
BRDA:141,5,0,0
BRDA:141,5,1,0
BRDA:158,6,0,0
BRDA:158,6,1,0
BRDA:165,7,0,0
BRDA:165,7,1,0
BRF:16
BRH:0
end_of_record
TN:
SF:server/dao/courseDAO.js
FN:5,getReviewContent
FN:7,(anonymous_1)
FN:9,(anonymous_2)
FN:21,getCourseDetails
FN:22,(anonymous_4)
FN:24,(anonymous_5)
FN:39,(anonymous_6)
FN:43,(anonymous_7)
FN:62,updateCourseRating
FN:63,(anonymous_9)
FN:65,(anonymous_10)
FN:75,(anonymous_11)
FN:78,(anonymous_12)
FN:87,addReview
FN:88,(anonymous_14)
FN:92,(anonymous_15)
FN:103,(anonymous_16)
FN:106,(anonymous_17)
FN:116,(anonymous_18)
FN:119,(anonymous_19)
FN:128,getCommentContent
FN:129,(anonymous_21)
FN:130,(anonymous_22)
FN:140,getReviewDetails
FN:141,(anonymous_24)
FN:142,(anonymous_25)
FN:157,(anonymous_26)
FN:161,(anonymous_27)
FN:176,getReviews
FN:177,(anonymous_29)
FN:178,(anonymous_30)
FN:191,(anonymous_31)
FN:195,(anonymous_32)
FN:202,addToFavourites
FN:203,(anonymous_34)
FN:204,(anonymous_35)
FN:210,(anonymous_36)
FN:214,(anonymous_37)
FN:230,getFavoriteCourses
FN:231,(anonymous_39)
FN:232,(anonymous_40)
FN:243,addComment
FN:244,(anonymous_42)
FN:245,(anonymous_43)
FN:251,(anonymous_44)
FN:254,(anonymous_45)
FN:262,addCommentToReview
FN:266,(anonymous_47)
FN:268,(anonymous_48)
FN:282,(anonymous_49)
FN:285,(anonymous_50)
FN:294,(anonymous_51)
FN:297,(anonymous_52)
FN:306,likeReview
FN:307,(anonymous_54)
FN:308,(anonymous_55)
FN:314,(anonymous_56)
FN:317,(anonymous_57)
FN:325,likeComment
FN:326,(anonymous_59)
FN:327,(anonymous_60)
FN:333,(anonymous_61)
FN:336,(anonymous_62)
FN:344,addCourse
FN:349,(anonymous_64)
FNF:65
FNH:0
FNDA:0,getReviewContent
FNDA:0,(anonymous_1)
FNDA:0,(anonymous_2)
FNDA:0,getCourseDetails
FNDA:0,(anonymous_4)
FNDA:0,(anonymous_5)
FNDA:0,(anonymous_6)
FNDA:0,(anonymous_7)
FNDA:0,updateCourseRating
FNDA:0,(anonymous_9)
FNDA:0,(anonymous_10)
FNDA:0,(anonymous_11)
FNDA:0,(anonymous_12)
FNDA:0,addReview
FNDA:0,(anonymous_14)
FNDA:0,(anonymous_15)
FNDA:0,(anonymous_16)
FNDA:0,(anonymous_17)
FNDA:0,(anonymous_18)
FNDA:0,(anonymous_19)
FNDA:0,getCommentContent
FNDA:0,(anonymous_21)
FNDA:0,(anonymous_22)
FNDA:0,getReviewDetails
FNDA:0,(anonymous_24)
FNDA:0,(anonymous_25)
FNDA:0,(anonymous_26)
FNDA:0,(anonymous_27)
FNDA:0,getReviews
FNDA:0,(anonymous_29)
FNDA:0,(anonymous_30)
FNDA:0,(anonymous_31)
FNDA:0,(anonymous_32)
FNDA:0,addToFavourites
FNDA:0,(anonymous_34)
FNDA:0,(anonymous_35)
FNDA:0,(anonymous_36)
FNDA:0,(anonymous_37)
FNDA:0,getFavoriteCourses
FNDA:0,(anonymous_39)
FNDA:0,(anonymous_40)
FNDA:0,addComment
FNDA:0,(anonymous_42)
FNDA:0,(anonymous_43)
FNDA:0,(anonymous_44)
FNDA:0,(anonymous_45)
FNDA:0,addCommentToReview
FNDA:0,(anonymous_47)
FNDA:0,(anonymous_48)
FNDA:0,(anonymous_49)
FNDA:0,(anonymous_50)
FNDA:0,(anonymous_51)
FNDA:0,(anonymous_52)
FNDA:0,likeReview
FNDA:0,(anonymous_54)
FNDA:0,(anonymous_55)
FNDA:0,(anonymous_56)
FNDA:0,(anonymous_57)
FNDA:0,likeComment
FNDA:0,(anonymous_59)
FNDA:0,(anonymous_60)
FNDA:0,(anonymous_61)
FNDA:0,(anonymous_62)
FNDA:0,addCourse
FNDA:0,(anonymous_64)
DA:1,1
DA:2,1
DA:7,0
DA:9,0
DA:10,0
DA:12,0
DA:14,0
DA:22,0
DA:24,0
DA:25,0
DA:26,0
DA:30,0
DA:31,0
DA:33,0
DA:34,0
DA:35,0
DA:38,0
DA:40,0
DA:43,0
DA:44,0
DA:53,0
DA:63,0
DA:65,0
DA:67,0
DA:69,0
DA:71,0
DA:72,0
DA:74,0
DA:76,0
DA:79,0
DA:88,0
DA:90,0
DA:91,0
DA:92,0
DA:93,0
DA:94,0
DA:100,0
DA:102,0
DA:104,0
DA:107,0
DA:108,0
DA:113,0
DA:114,0
DA:115,0
DA:117,0
DA:120,0
DA:129,0
DA:130,0
DA:131,0
DA:133,0
DA:135,0
DA:141,0
DA:142,0
DA:143,0
DA:144,0
DA:148,0
DA:149,0
DA:151,0
DA:152,0
DA:153,0
DA:156,0
DA:158,0
DA:161,0
DA:162,0
DA:169,0
DA:177,0
DA:178,0
DA:179,0
DA:180,0
DA:182,0
DA:183,0
DA:185,0
DA:186,0
DA:187,0
DA:190,0
DA:192,0
DA:195,0
DA:196,0
DA:203,0
DA:204,0
DA:206,0
DA:207,0
DA:210,0
DA:212,0
DA:214,0
DA:215,0
DA:217,0
DA:219,0
DA:221,0
DA:222,0
DA:231,0
DA:232,0
DA:233,0
DA:234,0
DA:237,0
DA:244,0
DA:245,0
DA:246,0
DA:247,0
DA:249,0
DA:250,0
DA:252,0
DA:255,0
DA:264,0
DA:266,0
DA:268,0
DA:270,0
DA:272,0
DA:273,0
DA:279,0
DA:281,0
DA:283,0
DA:286,0
DA:287,0
DA:292,0
DA:293,0
DA:295,0
DA:298,0
DA:307,0
DA:308,0
DA:309,0
DA:310,0
DA:312,0
DA:313,0
DA:315,0
DA:318,0
DA:326,0
DA:327,0
DA:328,0
DA:329,0
DA:331,0
DA:332,0
DA:334,0
DA:337,0
DA:345,0
DA:349,0
DA:350,0
DA:351,0
DA:352,0
DA:358,1
LF:140
LH:3
BRDA:10,0,0,0
BRDA:10,0,1,0
BRDA:12,1,0,0
BRDA:12,1,1,0
BRDA:25,2,0,0
BRDA:25,2,1,0
BRDA:26,3,0,0
BRDA:26,3,1,0
BRDA:67,4,0,0
BRDA:67,4,1,0
BRDA:69,5,0,0
BRDA:69,5,1,0
BRDA:93,6,0,0
BRDA:93,6,1,0
BRDA:107,7,0,0
BRDA:107,7,1,0
BRDA:131,8,0,0
BRDA:131,8,1,0
BRDA:133,9,0,0
BRDA:133,9,1,0
BRDA:143,10,0,0
BRDA:143,10,1,0
BRDA:144,11,0,0
BRDA:144,11,1,0
BRDA:179,12,0,0
BRDA:179,12,1,0
BRDA:180,13,0,0
BRDA:180,13,1,0
BRDA:206,14,0,0
BRDA:206,14,1,0
BRDA:207,15,0,0
BRDA:207,15,1,0
BRDA:212,16,0,0
BRDA:212,16,1,0
BRDA:215,17,0,0
BRDA:215,17,1,0
BRDA:217,18,0,0
BRDA:217,18,1,0
BRDA:233,19,0,0
BRDA:233,19,1,0
BRDA:234,20,0,0
BRDA:234,20,1,0
BRDA:246,21,0,0
BRDA:246,21,1,0
BRDA:247,22,0,0
BRDA:247,22,1,0
BRDA:270,23,0,0
BRDA:270,23,1,0
BRDA:272,24,0,0
BRDA:272,24,1,0
BRDA:286,25,0,0
BRDA:286,25,1,0
BRDA:309,26,0,0
BRDA:309,26,1,0
BRDA:310,27,0,0
BRDA:310,27,1,0
BRDA:328,28,0,0
BRDA:328,28,1,0
BRDA:329,29,0,0
BRDA:329,29,1,0
BRDA:350,30,0,0
BRDA:350,30,1,0
BRF:62
BRH:0
end_of_record
TN:
SF:server/dao/coursePlannerDAO.js
FN:6,(anonymous_0)
FN:8,addCourse
FN:9,(anonymous_2)
FN:10,(anonymous_3)
FN:13,(anonymous_4)
FN:25,(anonymous_5)
FN:41,deleteCourse
FN:42,(anonymous_7)
FN:43,(anonymous_8)
FN:52,(anonymous_9)
FN:65,addSemester
FN:66,(anonymous_11)
FN:67,(anonymous_12)
FN:86,addSemesterAtEnd
FN:87,(anonymous_14)
FN:88,(anonymous_15)
FN:106,deleteSemester
FN:107,(anonymous_17)
FN:108,(anonymous_18)
FN:125,getNumberOfSemesters
FN:126,(anonymous_20)
FN:127,(anonymous_21)
FN:144,getSemester
FN:145,(anonymous_23)
FN:146,(anonymous_24)
FN:165,getCourse
FN:166,(anonymous_26)
FN:167,(anonymous_27)
FN:176,(anonymous_28)
FNF:29
FNH:0
FNDA:0,(anonymous_0)
FNDA:0,addCourse
FNDA:0,(anonymous_2)
FNDA:0,(anonymous_3)
FNDA:0,(anonymous_4)
FNDA:0,(anonymous_5)
FNDA:0,deleteCourse
FNDA:0,(anonymous_7)
FNDA:0,(anonymous_8)
FNDA:0,(anonymous_9)
FNDA:0,addSemester
FNDA:0,(anonymous_11)
FNDA:0,(anonymous_12)
FNDA:0,addSemesterAtEnd
FNDA:0,(anonymous_14)
FNDA:0,(anonymous_15)
FNDA:0,deleteSemester
FNDA:0,(anonymous_17)
FNDA:0,(anonymous_18)
FNDA:0,getNumberOfSemesters
FNDA:0,(anonymous_20)
FNDA:0,(anonymous_21)
FNDA:0,getSemester
FNDA:0,(anonymous_23)
FNDA:0,(anonymous_24)
FNDA:0,getCourse
FNDA:0,(anonymous_26)
FNDA:0,(anonymous_27)
FNDA:0,(anonymous_28)
DA:1,1
DA:2,1
DA:4,1
DA:5,1
DA:6,1
DA:9,0
DA:10,0
DA:11,0
DA:12,0
DA:13,0
DA:14,0
DA:15,0
DA:17,0
DA:18,0
DA:20,0
DA:21,0
DA:24,0
DA:25,0
DA:26,0
DA:27,0
DA:28,0
DA:29,0
DA:32,0
DA:42,0
DA:43,0
DA:44,0
DA:45,0
DA:46,0
DA:48,0
DA:49,0
DA:50,0
DA:52,0
DA:53,0
DA:54,0
DA:57,0
DA:58,0
DA:59,0
DA:66,0
DA:67,0
DA:68,0
DA:69,0
DA:70,0
DA:72,0
DA:73,0
DA:76,0
DA:77,0
DA:78,0
DA:79,0
DA:80,0
DA:87,0
DA:88,0
DA:89,0
DA:90,0
DA:92,0
DA:93,0
DA:96,0
DA:97,0
DA:98,0
DA:99,0
DA:100,0
DA:107,0
DA:108,0
DA:109,0
DA:110,0
DA:111,0
DA:113,0
DA:114,0
DA:117,0
DA:118,0
DA:119,0
DA:126,0
DA:127,0
DA:128,0
DA:129,0
DA:130,0
DA:133,0
DA:134,0
DA:145,0
DA:146,0
DA:147,0
DA:148,0
DA:149,0
DA:151,0
DA:152,0
DA:155,0
DA:166,0
DA:167,0
DA:168,0
DA:169,0
DA:170,0
DA:172,0
DA:173,0
DA:174,0
DA:176,0
DA:177,0
DA:178,0
DA:180,0
DA:189,1
LF:98
LH:6
BRDA:11,0,0,0
BRDA:11,0,1,0
BRDA:12,1,0,0
BRDA:12,1,1,0
BRDA:14,2,0,0
BRDA:14,2,1,0
BRDA:17,3,0,0
BRDA:17,3,1,0
BRDA:20,4,0,0
BRDA:20,4,1,0
BRDA:26,5,0,0
BRDA:26,5,1,0
BRDA:44,6,0,0
BRDA:44,6,1,0
BRDA:45,7,0,0
BRDA:45,7,1,0
BRDA:49,8,0,0
BRDA:49,8,1,0
BRDA:53,9,0,0
BRDA:53,9,1,0
BRDA:68,10,0,0
BRDA:68,10,1,0
BRDA:69,11,0,0
BRDA:69,11,1,0
BRDA:72,12,0,0
BRDA:72,12,1,0
BRDA:72,13,0,0
BRDA:72,13,1,0
BRDA:89,14,0,0
BRDA:89,14,1,0
BRDA:92,15,0,0
BRDA:92,15,1,0
BRDA:109,16,0,0
BRDA:109,16,1,0
BRDA:110,17,0,0
BRDA:110,17,1,0
BRDA:113,18,0,0
BRDA:113,18,1,0
BRDA:128,19,0,0
BRDA:128,19,1,0
BRDA:129,20,0,0
BRDA:129,20,1,0
BRDA:147,21,0,0
BRDA:147,21,1,0
BRDA:148,22,0,0
BRDA:148,22,1,0
BRDA:151,23,0,0
BRDA:151,23,1,0
BRDA:168,24,0,0
BRDA:168,24,1,0
BRDA:169,25,0,0
BRDA:169,25,1,0
BRDA:173,26,0,0
BRDA:173,26,1,0
BRDA:177,27,0,0
BRDA:177,27,1,0
BRF:56
BRH:0
end_of_record
TN:
SF:server/dao/database.js
FN:4,(anonymous_0)
FNF:1
FNH:1
FNDA:1,(anonymous_0)
DA:1,1
DA:5,1
DA:6,0
DA:9,1
DA:10,1
DA:12,1
DA:16,1
DA:18,1
LF:8
LH:7
BRDA:5,0,0,0
BRDA:5,0,1,1
BRF:2
BRH:1
end_of_record
TN:
SF:server/dao/userDAO.js
FN:5,findUser
FN:6,(anonymous_1)
FN:7,(anonymous_2)
FN:17,addUser
FN:18,(anonymous_4)
FN:28,(anonymous_5)
FN:31,(anonymous_6)
FN:33,(anonymous_7)
FNF:8
FNH:7
FNDA:2,findUser
FNDA:2,(anonymous_1)
FNDA:2,(anonymous_2)
FNDA:1,addUser
FNDA:1,(anonymous_4)
FNDA:0,(anonymous_5)
FNDA:1,(anonymous_6)
FNDA:1,(anonymous_7)
DA:1,1
DA:2,1
DA:3,1
DA:6,2
DA:7,2
DA:8,2
DA:9,2
DA:10,1
DA:18,1
DA:19,1
DA:27,1
DA:29,0
DA:32,1
DA:33,1
DA:34,1
DA:35,0
DA:38,1
DA:42,0
DA:47,1
LF:19
LH:16
BRDA:8,0,0,0
BRDA:8,0,1,2
BRDA:9,1,0,1
BRDA:9,1,1,1
BRDA:32,2,0,1
BRDA:32,2,1,0
BRDA:34,3,0,0
BRDA:34,3,1,1
BRF:8
BRH:5
end_of_record
TN:
SF:server/models/course.js
FNF:0
FNH:0
DA:1,1
DA:3,1
DA:16,1
DA:33,1
DA:39,1
DA:81,1
DA:82,1
DA:83,1
DA:85,1
LF:9
LH:9
BRF:0
BRH:0
end_of_record
TN:
SF:server/models/coursePlanner.js
FNF:0
FNH:0
DA:1,1
DA:3,1
DA:13,1
DA:25,1
DA:37,1
DA:38,1
DA:39,1
DA:41,1
LF:8
LH:8
BRF:0
BRH:0
end_of_record
TN:
SF:server/models/note.js
FNF:0
FNH:0
DA:2,1
DA:4,1
DA:22,1
DA:24,1
LF:4
LH:4
BRF:0
BRH:0
end_of_record
TN:
SF:server/models/user.js
FNF:0
FNH:0
DA:1,1
DA:2,1
DA:4,1
DA:32,1
DA:33,1
LF:5
LH:5
BRF:0
BRH:0
end_of_record
TN:
SF:server/routers/coursePlannerRouter.js
FNF:0
FNH:0
DA:1,1
DA:3,1
DA:13,1
DA:15,1
DA:17,1
DA:18,1
DA:19,1
DA:21,1
DA:22,1
DA:23,1
DA:25,1
DA:26,1
DA:28,1
LF:13
LH:13
BRF:0
BRH:0
end_of_record
TN:
SF:server/routers/courseRouter.js
FN:12,(anonymous_0)
FNF:1
FNH:0
FNDA:0,(anonymous_0)
DA:1,1
DA:3,1
DA:4,1
DA:5,1
DA:7,1
DA:11,1
DA:12,1
DA:13,0
DA:14,0
DA:15,0
DA:18,0
DA:23,1
DA:25,1
DA:27,1
DA:29,1
DA:31,1
DA:33,1
DA:35,1
DA:37,1
DA:39,1
DA:41,1
LF:21
LH:17
BRF:0
BRH:0
end_of_record
TN:
SF:server/routers/credRouter.js
FN:12,(anonymous_0)
FN:19,(anonymous_1)
FNF:2
FNH:0
FNDA:0,(anonymous_0)
FNDA:0,(anonymous_1)
DA:1,1
DA:3,1
DA:4,1
DA:6,1
DA:8,1
DA:10,1
DA:12,1
DA:13,0
DA:19,1
DA:20,0
DA:23,1
LF:11
LH:9
BRF:0
BRH:0
end_of_record
TN:
SF:server/routers/notesRouter.js
FNF:0
FNH:0
DA:1,1
DA:4,1
DA:5,1
DA:6,1
DA:8,1
DA:10,1
DA:12,1
DA:14,1
DA:18,1
LF:9
LH:9
BRF:0
BRH:0
end_of_record
